This is pdfTeX, Version 3.14159265-2.6-1.40.16 (TeX Live 2015/Debian) (preloaded format=pdflatex 2018.10.14)  5 APR 2019 09:46
entering extended mode
 restricted \write18 enabled.
 %&-line parsing enabled.
**Thesis.tex
(./Thesis.tex
LaTeX2e <2016/02/01>
Babel <3.9q> and hyphenation patterns for 81 language(s) loaded.
(/usr/share/texlive/texmf-dist/tex/latex/base/book.cls
Document Class: book 2014/09/29 v1.4h Standard LaTeX document class
(/usr/share/texlive/texmf-dist/tex/latex/base/bk12.clo
File: bk12.clo 2014/09/29 v1.4h Standard LaTeX file (size option)
)
\c@part=\count79
\c@chapter=\count80
\c@section=\count81
\c@subsection=\count82
\c@subsubsection=\count83
\c@paragraph=\count84
\c@subparagraph=\count85
\c@figure=\count86
\c@table=\count87
\abovecaptionskip=\skip41
\belowcaptionskip=\skip42
\bibindent=\dimen102
)
(/usr/share/texlive/texmf-dist/tex/generic/babel/babel.sty
Package: babel 2016/02/24 3.9q The Babel package

(/usr/share/texlive/texmf-dist/tex/generic/babel-english/english.ldf
Language: english 2012/08/20 v3.3p English support from the babel system

(/usr/share/texlive/texmf-dist/tex/generic/babel/babel.def
File: babel.def 2016/02/24 3.9q Babel common definitions
\babel@savecnt=\count88
\U@D=\dimen103
)
\l@canadian = a dialect from \language\l@american 
\l@australian = a dialect from \language\l@british 
\l@newzealand = a dialect from \language\l@british 
))
(/usr/share/texlive/texmf-dist/tex/latex/base/fontenc.sty
Package: fontenc 2005/09/27 v1.99g Standard LaTeX package

(/usr/share/texlive/texmf-dist/tex/latex/base/t1enc.def
File: t1enc.def 2005/09/27 v1.99g Standard LaTeX file
LaTeX Font Info:    Redeclaring font encoding T1 on input line 48.
))
(/usr/share/texlive/texmf-dist/tex/latex/base/inputenc.sty
Package: inputenc 2015/03/17 v1.2c Input encoding file
\inpenc@prehook=\toks14
\inpenc@posthook=\toks15

(/usr/share/texlive/texmf-dist/tex/latex/base/latin1.def
File: latin1.def 2015/03/17 v1.2c Input encoding file
))
(/usr/share/texlive/texmf-dist/tex/latex/siunitx/siunitx.sty
(/usr/share/texlive/texmf-dist/tex/latex/l3kernel/expl3.sty
Package: expl3 2016/01/19 v6377 L3 programming layer (loader) 

(/usr/share/texlive/texmf-dist/tex/latex/l3kernel/expl3-code.tex
Package: expl3 2016/01/19 v6377 L3 programming layer (code)
L3 Module: l3bootstrap 2016/01/01 v6339 L3 Bootstrap code
L3 Module: l3names 2015/12/21 v6328 L3 Namespace for primitives
L3 Module: l3basics 2015/11/22 v6315 L3 Basic definitions
L3 Module: l3expan 2015/09/10 v5983 L3 Argument expansion
L3 Module: l3tl 2015/09/29 v6121 L3 Token lists
L3 Module: l3str 2016/01/03 v6357 L3 Strings
L3 Module: l3seq 2015/08/05 v5777 L3 Sequences and stacks
L3 Module: l3int 2016/01/05 v6366 L3 Integers
\c_max_int=\count89
\l_tmpa_int=\count90
\l_tmpb_int=\count91
\g_tmpa_int=\count92
\g_tmpb_int=\count93
L3 Module: l3quark 2015/08/17 v5855 L3 Quarks
L3 Module: l3prg 2015/11/01 v6216 L3 Control structures
\g__prg_map_int=\count94
L3 Module: l3clist 2015/09/02 v5901 L3 Comma separated lists
L3 Module: l3token 2015/11/11 v6249 L3 Experimental token manipulation
L3 Module: l3prop 2016/01/05 v6366 L3 Property lists
L3 Module: l3msg 2015/09/28 v6113 L3 Messages
L3 Module: l3file 2015/12/03 v6317 L3 File and I/O operations
\l_iow_line_count_int=\count95
\l__iow_target_count_int=\count96
\l__iow_current_line_int=\count97
\l__iow_current_word_int=\count98
\l__iow_current_indentation_int=\count99
L3 Module: l3skip 2016/01/05 v6366 L3 Dimensions and skips
\c_zero_dim=\dimen104
\c_max_dim=\dimen105
\l_tmpa_dim=\dimen106
\l_tmpb_dim=\dimen107
\g_tmpa_dim=\dimen108
\g_tmpb_dim=\dimen109
\c_zero_skip=\skip43
\c_max_skip=\skip44
\l_tmpa_skip=\skip45
\l_tmpb_skip=\skip46
\g_tmpa_skip=\skip47
\g_tmpb_skip=\skip48
\c_zero_muskip=\muskip10
\c_max_muskip=\muskip11
\l_tmpa_muskip=\muskip12
\l_tmpb_muskip=\muskip13
\g_tmpa_muskip=\muskip14
\g_tmpb_muskip=\muskip15
L3 Module: l3keys 2015/11/17 v6284 L3 Key-value interfaces
\g__keyval_level_int=\count100
\l_keys_choice_int=\count101
L3 Module: l3fp 2015/08/25 v5890 L3 Floating points
\c__fp_leading_shift_int=\count102
\c__fp_middle_shift_int=\count103
\c__fp_trailing_shift_int=\count104
\c__fp_big_leading_shift_int=\count105
\c__fp_big_middle_shift_int=\count106
\c__fp_big_trailing_shift_int=\count107
\c__fp_Bigg_leading_shift_int=\count108
\c__fp_Bigg_middle_shift_int=\count109
\c__fp_Bigg_trailing_shift_int=\count110
L3 Module: l3box 2015/08/09 v5822 L3 Experimental boxes
\c_empty_box=\box26
\l_tmpa_box=\box27
\l_tmpb_box=\box28
\g_tmpa_box=\box29
\g_tmpb_box=\box30
L3 Module: l3coffins 2015/08/06 v5789 L3 Coffin code layer
\l__coffin_internal_box=\box31
\l__coffin_internal_dim=\dimen110
\l__coffin_offset_x_dim=\dimen111
\l__coffin_offset_y_dim=\dimen112
\l__coffin_x_dim=\dimen113
\l__coffin_y_dim=\dimen114
\l__coffin_x_prime_dim=\dimen115
\l__coffin_y_prime_dim=\dimen116
\c_empty_coffin=\box32
\l__coffin_aligned_coffin=\box33
\l__coffin_aligned_internal_coffin=\box34
\l_tmpa_coffin=\box35
\l_tmpb_coffin=\box36
\l__coffin_display_coffin=\box37
\l__coffin_display_coord_coffin=\box38
\l__coffin_display_pole_coffin=\box39
\l__coffin_display_offset_dim=\dimen117
\l__coffin_display_x_dim=\dimen118
\l__coffin_display_y_dim=\dimen119
L3 Module: l3color 2014/08/23 v5354 L3 Experimental color support
L3 Module: l3sys 2015/09/25 v6087 L3 Experimental system/runtime functions
L3 Module: l3candidates 2016/01/14 v6376 L3 Experimental additions to l3kernel
\l__box_top_dim=\dimen120
\l__box_bottom_dim=\dimen121
\l__box_left_dim=\dimen122
\l__box_right_dim=\dimen123
\l__box_top_new_dim=\dimen124
\l__box_bottom_new_dim=\dimen125
\l__box_left_new_dim=\dimen126
\l__box_right_new_dim=\dimen127
\l__box_internal_box=\box40
\l__coffin_bounding_shift_dim=\dimen128
\l__coffin_left_corner_dim=\dimen129
\l__coffin_right_corner_dim=\dimen130
\l__coffin_bottom_corner_dim=\dimen131
\l__coffin_top_corner_dim=\dimen132
\l__coffin_scaled_total_height_dim=\dimen133
\l__coffin_scaled_width_dim=\dimen134
L3 Module: l3luatex 2015/11/11 v6250 L3 Experimental LuaTeX-specific functions
)
(/usr/share/texlive/texmf-dist/tex/latex/l3kernel/l3pdfmode.def
File: l3pdfmode.def 2015/11/11 v6250 L3 Experimental driver: PDF mode
\l__driver_color_stack_int=\count111
))
(/usr/share/texlive/texmf-dist/tex/latex/l3packages/xparse/xparse.sty
Package: xparse 2016/01/19 v6377 L3 Experimental document command parser
\l__xparse_current_arg_int=\count112
\l__xparse_m_args_int=\count113
\l__xparse_mandatory_args_int=\count114
\l__xparse_processor_int=\count115
\l__xparse_v_nesting_int=\count116
)
Package: siunitx 2016/03/01 v2.6q A comprehensive (SI) units package

(/usr/share/texlive/texmf-dist/tex/latex/amsmath/amstext.sty
Package: amstext 2000/06/29 v2.01 AMS text

(/usr/share/texlive/texmf-dist/tex/latex/amsmath/amsgen.sty
File: amsgen.sty 1999/11/30 v2.0 generic functions
\@emptytoks=\toks16
\ex@=\dimen135
))
(/usr/share/texlive/texmf-dist/tex/latex/tools/array.sty
Package: array 2014/10/28 v2.4c Tabular extension package (FMi)
\col@sep=\dimen136
\extrarowheight=\dimen137
\NC@list=\toks17
\extratabsurround=\skip49
\backup@length=\skip50
)
(/usr/share/texlive/texmf-dist/tex/latex/l3packages/l3keys2e/l3keys2e.sty
Package: l3keys2e 2016/01/19 v6377 LaTeX2e option processing using LaTeX3 keys
)
\l__siunitx_tmp_box=\box41
\l__siunitx_tmp_dim=\dimen138
\l__siunitx_tmp_int=\count117
\l__siunitx_number_mantissa_length_int=\count118
\l__siunitx_number_uncert_length_int=\count119
\l__siunitx_round_int=\count120
\l__siunitx_process_decimal_int=\count121
\l__siunitx_process_uncertainty_int=\count122
\l__siunitx_process_fixed_int=\count123
\l__siunitx_process_integer_min_int=\count124
\l__siunitx_process_precision_int=\count125
\l__siunitx_group_min_int=\count126
\l__siunitx_angle_marker_box=\box42
\l__siunitx_angle_unit_box=\box43
\l__siunitx_angle_marker_dim=\dimen139
\l__siunitx_angle_unit_dim=\dimen140
\l__siunitx_unit_int=\count127
\l__siunitx_unit_denominator_int=\count128
\l__siunitx_unit_numerator_int=\count129
\l__siunitx_unit_prefix_int=\count130
\l__siunitx_unit_prefix_base_int=\count131
\l__siunitx_unit_prefix_gram_int=\count132
\l__siunitx_number_product_int=\count133
\c__siunitx_one_fill_skip=\skip51
\l__siunitx_table_unit_align_skip=\skip52
\l__siunitx_table_exponent_dim=\dimen141
\l__siunitx_table_integer_dim=\dimen142
\l__siunitx_table_mantissa_dim=\dimen143
\l__siunitx_table_marker_dim=\dimen144
\l__siunitx_table_result_dim=\dimen145
\l__siunitx_table_uncert_dim=\dimen146
\l__siunitx_table_fill_pre_dim=\dimen147
\l__siunitx_table_fill_post_dim=\dimen148
\l__siunitx_table_fill_mid_dim=\dimen149
\l__siunitx_table_pre_box=\box44
\l__siunitx_table_post_box=\box45
\l__siunitx_table_mantissa_box=\box46
\l__siunitx_table_result_box=\box47
\l__siunitx_table_number_align_skip=\skip53
\l__siunitx_table_text_align_skip=\skip54
.................................................
. LaTeX info: "xparse/define-command"
. 
. Defining command \DeclareBinaryPrefix with sig. 'mmm' on line 7218.
.................................................
.................................................
. LaTeX info: "xparse/define-command"
. 
. Defining command \DeclareSIPostPower with sig. 'mm' on line 7221.
.................................................
.................................................
. LaTeX info: "xparse/define-command"
. 
. Defining command \DeclareSIPrefix with sig. 'mmm' on line 7224.
.................................................
.................................................
. LaTeX info: "xparse/define-command"
. 
. Defining command \DeclareSIPrePower with sig. 'mm' on line 7227.
.................................................
.................................................
. LaTeX info: "xparse/define-command"
. 
. Defining command \DeclareSIQualifier with sig. 'mm' on line 7230.
.................................................
.................................................
. LaTeX info: "xparse/define-command"
. 
. Defining command \DeclareSIUnit with sig. 'O{}mm' on line 7233.
.................................................
.................................................
. LaTeX info: "xparse/define-command"
. 
. Defining command \DeclareSIUnitWithOptions with sig. 'mmm' on line 7236.
.................................................
.................................................
. LaTeX info: "xparse/define-command"
. 
. Defining command \ang with sig. 'o>{\SplitArgument {2}{;}}m' on line 7251.
.................................................
.................................................
. LaTeX info: "xparse/define-command"
. 
. Defining command \num with sig. 'om' on line 7260.
.................................................
.................................................
. LaTeX info: "xparse/define-command"
. 
. Defining command \numlist with sig. 'o>{\SplitList {;}}m' on line 7269.
.................................................
.................................................
. LaTeX info: "xparse/define-command"
. 
. Defining command \numrange with sig. 'omm' on line 7278.
.................................................
.................................................
. LaTeX info: "xparse/define-command"
. 
. Defining command \SIlist with sig. 'o>{\SplitList {;}}mm' on line 7290.
.................................................
.................................................
. LaTeX info: "xparse/define-command"
. 
. Defining command \SIrange with sig. 'ommm' on line 7302.
.................................................
.................................................
. LaTeX info: "xparse/define-command"
. 
. Defining command \SI with sig. 'omom' on line 7314.
.................................................
.................................................
. LaTeX info: "xparse/define-command"
. 
. Defining command \sisetup with sig. 'm' on line 7317.
.................................................
.................................................
. LaTeX info: "xparse/define-command"
. 
. Defining command \tablenum with sig. 'om' on line 7332.
.................................................
.................................................
. LaTeX info: "xparse/define-command"
. 
. Defining command \si with sig. 'om' on line 7344.
.................................................
.................................................
. LaTeX info: "xparse/define-command"
. 
. Defining command \__siunitx_bookmark_num:w with sig. 'om' on line 7391.
.................................................
.................................................
. LaTeX info: "xparse/define-command"
. 
. Defining command \__siunitx_bookmark_numrange:w with sig. 'omm' on line
. 7393.
.................................................
.................................................
. LaTeX info: "xparse/define-command"
. 
. Defining command \__siunitx_bookmark_SI:w with sig. 'omom' on line 7395.
.................................................
.................................................
. LaTeX info: "xparse/define-command"
. 
. Defining command \__siunitx_bookmark_SIlist:w with sig. 'omm' on line 7397.
.................................................
.................................................
. LaTeX info: "xparse/define-command"
. 
. Defining command \__siunitx_bookmark_SIrange:w with sig. 'ommm' on line
. 7399.
.................................................
.................................................
. LaTeX info: "xparse/define-command"
. 
. Defining command \__siunitx_bookmark_si:w with sig. 'om' on line 7400.
.................................................
\g__file_internal_ior=\read1

(/usr/share/texlive/texmf-dist/tex/latex/beamer/translator/translator.sty
Package: translator 2010/06/12 ver 1.10

(/usr/share/texlive/texmf-dist/tex/latex/graphics/keyval.sty
Package: keyval 2014/10/28 v1.15 key=value parser (DPC)
\KV@toks@=\toks18
)
(/usr/share/texlive/texmf-dist/tex/latex/beamer/translator/translator-language-
mappings.tex))) (./DTGtesi.sty
Package: DTGtesi 04/09/2009 Redifinizione del comando maketitle per tesi dell'U
niversitï\T1\textquestiondown \global \let \T1\textonehalf \protect $\relax {\b
egingroup 1\endgroup \over 2}$\T1\textonehalf  degli Studi di Padova. Scritto d
a Luca Peretti, modificando il pacchetto uniudtesi.sty di Gianluca Gorni

(/usr/share/texlive/texmf-dist/tex/latex/base/ifthen.sty
Package: ifthen 2014/09/29 v1.1c Standard LaTeX ifthen package (DPC)
)
(/usr/share/texlive/texmf-dist/tex/latex/base/makeidx.sty
Package: makeidx 2014/09/29 v1.0m Standard LaTeX package
)
(/usr/share/texlive/texmf-dist/tex/latex/tocbibind/tocbibind.sty
Package: tocbibind 2010/10/13 v1.5k extra ToC listings
Package tocbibind Info: The document has chapter divisions on input line 50.


Package tocbibind Note: Using chapter style headings, unless overridden.

) (/usr/share/texlive/texmf-dist/tex/latex/graphics/graphicx.sty
Package: graphicx 2014/10/28 v1.0g Enhanced LaTeX Graphics (DPC,SPQR)

(/usr/share/texlive/texmf-dist/tex/latex/graphics/graphics.sty
Package: graphics 2016/01/03 v1.0q Standard LaTeX Graphics (DPC,SPQR)

(/usr/share/texlive/texmf-dist/tex/latex/graphics/trig.sty
Package: trig 2016/01/03 v1.10 sin cos tan (DPC)
)
(/usr/share/texlive/texmf-dist/tex/latex/latexconfig/graphics.cfg
File: graphics.cfg 2010/04/23 v1.9 graphics configuration of TeX Live
)
Package graphics Info: Driver file: pdftex.def on input line 95.

(/usr/share/texlive/texmf-dist/tex/latex/pdftex-def/pdftex.def
File: pdftex.def 2011/05/27 v0.06d Graphics/color for pdfTeX

(/usr/share/texlive/texmf-dist/tex/generic/oberdiek/infwarerr.sty
Package: infwarerr 2010/04/08 v1.3 Providing info/warning/error messages (HO)
)
(/usr/share/texlive/texmf-dist/tex/generic/oberdiek/ltxcmds.sty
Package: ltxcmds 2011/11/09 v1.22 LaTeX kernel commands for general use (HO)
)
\Gread@gobject=\count134
))
\Gin@req@height=\dimen150
\Gin@req@width=\dimen151
)
(/usr/share/texlive/texmf-dist/tex/latex/hyperref/hyperref.sty
Package: hyperref 2012/11/06 v6.83m Hypertext links for LaTeX

(/usr/share/texlive/texmf-dist/tex/generic/oberdiek/hobsub-hyperref.sty
Package: hobsub-hyperref 2012/05/28 v1.13 Bundle oberdiek, subset hyperref (HO)


(/usr/share/texlive/texmf-dist/tex/generic/oberdiek/hobsub-generic.sty
Package: hobsub-generic 2012/05/28 v1.13 Bundle oberdiek, subset generic (HO)
Package: hobsub 2012/05/28 v1.13 Construct package bundles (HO)
Package hobsub Info: Skipping package `infwarerr' (already loaded).
Package hobsub Info: Skipping package `ltxcmds' (already loaded).
Package: ifluatex 2010/03/01 v1.3 Provides the ifluatex switch (HO)
Package ifluatex Info: LuaTeX not detected.
Package: ifvtex 2010/03/01 v1.5 Detect VTeX and its facilities (HO)
Package ifvtex Info: VTeX not detected.
Package: intcalc 2007/09/27 v1.1 Expandable calculations with integers (HO)
Package: ifpdf 2011/01/30 v2.3 Provides the ifpdf switch (HO)
Package ifpdf Info: pdfTeX in PDF mode is detected.
Package: etexcmds 2011/02/16 v1.5 Avoid name clashes with e-TeX commands (HO)
Package etexcmds Info: Could not find \expanded.
(etexcmds)             That can mean that you are not using pdfTeX 1.50 or
(etexcmds)             that some package has redefined \expanded.
(etexcmds)             In the latter case, load this package earlier.
Package: kvsetkeys 2012/04/25 v1.16 Key value parser (HO)
Package: kvdefinekeys 2011/04/07 v1.3 Define keys (HO)
Package: pdftexcmds 2011/11/29 v0.20 Utility functions of pdfTeX for LuaTeX (HO
)
Package pdftexcmds Info: LuaTeX not detected.
Package pdftexcmds Info: \pdf@primitive is available.
Package pdftexcmds Info: \pdf@ifprimitive is available.
Package pdftexcmds Info: \pdfdraftmode found.
Package: pdfescape 2011/11/25 v1.13 Implements pdfTeX's escape features (HO)
Package: bigintcalc 2012/04/08 v1.3 Expandable calculations on big integers (HO
)
Package: bitset 2011/01/30 v1.1 Handle bit-vector datatype (HO)
Package: uniquecounter 2011/01/30 v1.2 Provide unlimited unique counter (HO)
)
Package hobsub Info: Skipping package `hobsub' (already loaded).
Package: letltxmacro 2010/09/02 v1.4 Let assignment for LaTeX macros (HO)
Package: hopatch 2012/05/28 v1.2 Wrapper for package hooks (HO)
Package: xcolor-patch 2011/01/30 xcolor patch
Package: atveryend 2011/06/30 v1.8 Hooks at the very end of document (HO)
Package atveryend Info: \enddocument detected (standard20110627).
Package: atbegshi 2011/10/05 v1.16 At begin shipout hook (HO)
Package: refcount 2011/10/16 v3.4 Data extraction from label references (HO)
Package: hycolor 2011/01/30 v1.7 Color options for hyperref/bookmark (HO)
)
(/usr/share/texlive/texmf-dist/tex/generic/ifxetex/ifxetex.sty
Package: ifxetex 2010/09/12 v0.6 Provides ifxetex conditional
)
(/usr/share/texlive/texmf-dist/tex/latex/oberdiek/auxhook.sty
Package: auxhook 2011/03/04 v1.3 Hooks for auxiliary files (HO)
)
(/usr/share/texlive/texmf-dist/tex/latex/oberdiek/kvoptions.sty
Package: kvoptions 2011/06/30 v3.11 Key value format for package options (HO)
)
\@linkdim=\dimen152
\Hy@linkcounter=\count135
\Hy@pagecounter=\count136

(/usr/share/texlive/texmf-dist/tex/latex/hyperref/pd1enc.def
File: pd1enc.def 2012/11/06 v6.83m Hyperref: PDFDocEncoding definition (HO)
)
\Hy@SavedSpaceFactor=\count137

(/usr/share/texlive/texmf-dist/tex/latex/latexconfig/hyperref.cfg
File: hyperref.cfg 2002/06/06 v1.2 hyperref configuration of TeXLive
)
Package hyperref Info: Option `hyperindex' set `true' on input line 4319.
Package hyperref Info: Option `colorlinks' set `true' on input line 4319.
Package hyperref Info: Hyper figures OFF on input line 4443.
Package hyperref Info: Link nesting OFF on input line 4448.
Package hyperref Info: Hyper index ON on input line 4451.
Package hyperref Info: Plain pages OFF on input line 4458.
Package hyperref Info: Backreferencing OFF on input line 4463.
Package hyperref Info: Implicit mode ON; LaTeX internals redefined.
Package hyperref Info: Bookmarks ON on input line 4688.
\c@Hy@tempcnt=\count138

(/usr/share/texlive/texmf-dist/tex/latex/url/url.sty
\Urlmuskip=\muskip16
Package: url 2013/09/16  ver 3.4  Verb mode for urls, etc.
)
LaTeX Info: Redefining \url on input line 5041.
\XeTeXLinkMargin=\dimen153
\Fld@menulength=\count139
\Field@Width=\dimen154
\Fld@charsize=\dimen155
Package hyperref Info: Hyper figures OFF on input line 6295.
Package hyperref Info: Link nesting OFF on input line 6300.
Package hyperref Info: Hyper index ON on input line 6303.
Package hyperref Info: backreferencing OFF on input line 6310.
Package hyperref Info: Link coloring ON on input line 6313.
Package hyperref Info: Link coloring with OCG OFF on input line 6320.
Package hyperref Info: PDF/A mode OFF on input line 6325.
LaTeX Info: Redefining \ref on input line 6365.
LaTeX Info: Redefining \pageref on input line 6369.
\Hy@abspage=\count140
\c@Item=\count141
\c@Hfootnote=\count142
)

Package hyperref Message: Driver (autodetected): hpdftex.

(/usr/share/texlive/texmf-dist/tex/latex/hyperref/hpdftex.def
File: hpdftex.def 2012/11/06 v6.83m Hyperref driver for pdfTeX
\Fld@listcount=\count143
\c@bookmark@seq@number=\count144

(/usr/share/texlive/texmf-dist/tex/latex/oberdiek/rerunfilecheck.sty
Package: rerunfilecheck 2011/04/15 v1.7 Rerun checks for auxiliary files (HO)
Package uniquecounter Info: New unique counter `rerunfilecheck' on input line 2
82.
)
\Hy@SectionHShift=\skip55
)
(/usr/share/texlive/texmf-dist/tex/latex/titlesec/titlesec.sty
Package: titlesec 2016/03/15 v2.10.1 Sectioning titles
\ttl@box=\box48
\beforetitleunit=\skip56
\aftertitleunit=\skip57
\ttl@plus=\dimen156
\ttl@minus=\dimen157
\ttl@toksa=\toks19
\titlewidth=\dimen158
\titlewidthlast=\dimen159
\titlewidthfirst=\dimen160
)
(/usr/share/texlive/texmf-dist/tex/latex/fancyhdr/fancyhdr.sty
\fancy@headwidth=\skip58
\f@ncyO@elh=\skip59
\f@ncyO@erh=\skip60
\f@ncyO@olh=\skip61
\f@ncyO@orh=\skip62
\f@ncyO@elf=\skip63
\f@ncyO@erf=\skip64
\f@ncyO@olf=\skip65
\f@ncyO@orf=\skip66
)
(/usr/share/texlive/texmf-dist/tex/latex/geometry/geometry.sty
Package: geometry 2010/09/12 v5.6 Page Geometry
\Gm@cnth=\count145
\Gm@cntv=\count146
\c@Gm@tempcnt=\count147
\Gm@bindingoffset=\dimen161
\Gm@wd@mp=\dimen162
\Gm@odd@mp=\dimen163
\Gm@even@mp=\dimen164
\Gm@layoutwidth=\dimen165
\Gm@layoutheight=\dimen166
\Gm@layouthoffset=\dimen167
\Gm@layoutvoffset=\dimen168
\Gm@dimlist=\toks20
)
(/usr/share/texlive/texmf-dist/tex/latex/textpos/textpos.sty
Package: textpos 2014/01/03 v1.7j

Package: textpos 2014/01/03 1.7j, absolute positioning of text on the page
(/usr/share/texlive/texmf-dist/tex/latex/ms/everyshi.sty
Package: everyshi 2001/05/15 v3.00 EveryShipout Package (MS)
)
\TP@textbox=\box49
\TP@holdbox=\box50
\TPHorizModule=\dimen169
\TPVertModule=\dimen170
\TP@margin=\dimen171
\TP@absmargin=\dimen172

Grid set 16 x 16 = 37.34424pt x 52.81541pt
\TPboxrulesize=\dimen173
\TP@ox=\dimen174
\TP@oy=\dimen175
\TP@tbargs=\toks21
\TP@prevdepth=\dimen176
TextBlockOrigin set to 0pt x 0pt
) (/usr/share/texlive/texmf-dist/tex/latex/xcolor/xcolor.sty
Package: xcolor 2007/01/21 v2.11 LaTeX color extensions (UK)

(/usr/share/texlive/texmf-dist/tex/latex/latexconfig/color.cfg
File: color.cfg 2007/01/18 v1.5 color configuration of teTeX/TeXLive
)
Package xcolor Info: Driver file: pdftex.def on input line 225.
Package xcolor Info: Model `cmy' substituted by `cmy0' on input line 1337.
Package xcolor Info: Model `hsb' substituted by `rgb' on input line 1341.
Package xcolor Info: Model `RGB' extended on input line 1353.
Package xcolor Info: Model `HTML' substituted by `rgb' on input line 1355.
Package xcolor Info: Model `Hsb' substituted by `hsb' on input line 1356.
Package xcolor Info: Model `tHsb' substituted by `hsb' on input line 1357.
Package xcolor Info: Model `HSB' substituted by `hsb' on input line 1358.
Package xcolor Info: Model `Gray' substituted by `gray' on input line 1359.
Package xcolor Info: Model `wave' substituted by `hsb' on input line 1360.
)
Package hyperref Info: Option `bookmarksopen' set `true' on input line 21.

(/usr/share/texlive/texmf-dist/tex/latex/titlesec/block.tss
File: block.tss 2016/03/15
)
\@indexfile=\write3
\openout3 = `Thesis.idx'.


Writing index file Thesis.idx
) (/usr/share/texlive/texmf-dist/tex/latex/booktabs/booktabs.sty
Package: booktabs 2005/04/14 v1.61803 publication quality tables
\heavyrulewidth=\dimen177
\lightrulewidth=\dimen178
\cmidrulewidth=\dimen179
\belowrulesep=\dimen180
\belowbottomsep=\dimen181
\aboverulesep=\dimen182
\abovetopsep=\dimen183
\cmidrulesep=\dimen184
\cmidrulekern=\dimen185
\defaultaddspace=\dimen186
\@cmidla=\count148
\@cmidlb=\count149
\@aboverulesep=\dimen187
\@belowrulesep=\dimen188
\@thisruleclass=\count150
\@lastruleclass=\count151
\@thisrulewidth=\dimen189
) (./mcode.sty
-- Package: `mcode' 2.5 <2014/03/06> --
Package: mcode 2014/03/06 2.5
 - settings optimized for display (colour formating)
(/usr/share/texlive/texmf-dist/tex/latex/listings/listings.sty
\lst@mode=\count152
\lst@gtempboxa=\box51
\lst@token=\toks22
\lst@length=\count153
\lst@currlwidth=\dimen190
\lst@column=\count154
\lst@pos=\count155
\lst@lostspace=\dimen191
\lst@width=\dimen192
\lst@newlines=\count156
\lst@lineno=\count157
\lst@maxwidth=\dimen193

(/usr/share/texlive/texmf-dist/tex/latex/listings/lstmisc.sty
File: lstmisc.sty 2015/06/04 1.6 (Carsten Heinz)
\c@lstnumber=\count158
\lst@skipnumbers=\count159
\lst@framebox=\box52
)
(/usr/share/texlive/texmf-dist/tex/latex/listings/listings.cfg
File: listings.cfg 2015/06/04 1.6 listings configuration
))
Package: listings 2015/06/04 1.6 (Carsten Heinz)

(/usr/share/texlive/texmf-dist/tex/latex/base/textcomp.sty
Package: textcomp 2005/09/27 v1.99g Standard LaTeX package
Package textcomp Info: Sub-encoding information:
(textcomp)               5 = only ISO-Adobe without \textcurrency
(textcomp)               4 = 5 + \texteuro
(textcomp)               3 = 4 + \textohm
(textcomp)               2 = 3 + \textestimated + \textcurrency
(textcomp)               1 = TS1 - \textcircled - \t
(textcomp)               0 = TS1 (full)
(textcomp)             Font families with sub-encoding setting implement
(textcomp)             only a restricted character set as indicated.
(textcomp)             Family '?' is the default used for unknown fonts.
(textcomp)             See the documentation for details.
Package textcomp Info: Setting ? sub-encoding to TS1/1 on input line 79.

(/usr/share/texlive/texmf-dist/tex/latex/base/ts1enc.def
File: ts1enc.def 2001/06/05 v3.0e (jk/car/fm) Standard LaTeX file
)
LaTeX Info: Redefining \oldstylenums on input line 334.
Package textcomp Info: Setting cmr sub-encoding to TS1/0 on input line 349.
Package textcomp Info: Setting cmss sub-encoding to TS1/0 on input line 350.
Package textcomp Info: Setting cmtt sub-encoding to TS1/0 on input line 351.
Package textcomp Info: Setting cmvtt sub-encoding to TS1/0 on input line 352.
Package textcomp Info: Setting cmbr sub-encoding to TS1/0 on input line 353.
Package textcomp Info: Setting cmtl sub-encoding to TS1/0 on input line 354.
Package textcomp Info: Setting ccr sub-encoding to TS1/0 on input line 355.
Package textcomp Info: Setting ptm sub-encoding to TS1/4 on input line 356.
Package textcomp Info: Setting pcr sub-encoding to TS1/4 on input line 357.
Package textcomp Info: Setting phv sub-encoding to TS1/4 on input line 358.
Package textcomp Info: Setting ppl sub-encoding to TS1/3 on input line 359.
Package textcomp Info: Setting pag sub-encoding to TS1/4 on input line 360.
Package textcomp Info: Setting pbk sub-encoding to TS1/4 on input line 361.
Package textcomp Info: Setting pnc sub-encoding to TS1/4 on input line 362.
Package textcomp Info: Setting pzc sub-encoding to TS1/4 on input line 363.
Package textcomp Info: Setting bch sub-encoding to TS1/4 on input line 364.
Package textcomp Info: Setting put sub-encoding to TS1/5 on input line 365.
Package textcomp Info: Setting uag sub-encoding to TS1/5 on input line 366.
Package textcomp Info: Setting ugq sub-encoding to TS1/5 on input line 367.
Package textcomp Info: Setting ul8 sub-encoding to TS1/4 on input line 368.
Package textcomp Info: Setting ul9 sub-encoding to TS1/4 on input line 369.
Package textcomp Info: Setting augie sub-encoding to TS1/5 on input line 370.
Package textcomp Info: Setting dayrom sub-encoding to TS1/3 on input line 371.
Package textcomp Info: Setting dayroms sub-encoding to TS1/3 on input line 372.

Package textcomp Info: Setting pxr sub-encoding to TS1/0 on input line 373.
Package textcomp Info: Setting pxss sub-encoding to TS1/0 on input line 374.
Package textcomp Info: Setting pxtt sub-encoding to TS1/0 on input line 375.
Package textcomp Info: Setting txr sub-encoding to TS1/0 on input line 376.
Package textcomp Info: Setting txss sub-encoding to TS1/0 on input line 377.
Package textcomp Info: Setting txtt sub-encoding to TS1/0 on input line 378.
Package textcomp Info: Setting lmr sub-encoding to TS1/0 on input line 379.
Package textcomp Info: Setting lmdh sub-encoding to TS1/0 on input line 380.
Package textcomp Info: Setting lmss sub-encoding to TS1/0 on input line 381.
Package textcomp Info: Setting lmssq sub-encoding to TS1/0 on input line 382.
Package textcomp Info: Setting lmvtt sub-encoding to TS1/0 on input line 383.
Package textcomp Info: Setting lmtt sub-encoding to TS1/0 on input line 384.
Package textcomp Info: Setting qhv sub-encoding to TS1/0 on input line 385.
Package textcomp Info: Setting qag sub-encoding to TS1/0 on input line 386.
Package textcomp Info: Setting qbk sub-encoding to TS1/0 on input line 387.
Package textcomp Info: Setting qcr sub-encoding to TS1/0 on input line 388.
Package textcomp Info: Setting qcs sub-encoding to TS1/0 on input line 389.
Package textcomp Info: Setting qpl sub-encoding to TS1/0 on input line 390.
Package textcomp Info: Setting qtm sub-encoding to TS1/0 on input line 391.
Package textcomp Info: Setting qzc sub-encoding to TS1/0 on input line 392.
Package textcomp Info: Setting qhvc sub-encoding to TS1/0 on input line 393.
Package textcomp Info: Setting futs sub-encoding to TS1/4 on input line 394.
Package textcomp Info: Setting futx sub-encoding to TS1/4 on input line 395.
Package textcomp Info: Setting futj sub-encoding to TS1/4 on input line 396.
Package textcomp Info: Setting hlh sub-encoding to TS1/3 on input line 397.
Package textcomp Info: Setting hls sub-encoding to TS1/3 on input line 398.
Package textcomp Info: Setting hlst sub-encoding to TS1/3 on input line 399.
Package textcomp Info: Setting hlct sub-encoding to TS1/5 on input line 400.
Package textcomp Info: Setting hlx sub-encoding to TS1/5 on input line 401.
Package textcomp Info: Setting hlce sub-encoding to TS1/5 on input line 402.
Package textcomp Info: Setting hlcn sub-encoding to TS1/5 on input line 403.
Package textcomp Info: Setting hlcw sub-encoding to TS1/5 on input line 404.
Package textcomp Info: Setting hlcf sub-encoding to TS1/5 on input line 405.
Package textcomp Info: Setting pplx sub-encoding to TS1/3 on input line 406.
Package textcomp Info: Setting pplj sub-encoding to TS1/3 on input line 407.
Package textcomp Info: Setting ptmx sub-encoding to TS1/4 on input line 408.
Package textcomp Info: Setting ptmj sub-encoding to TS1/4 on input line 409.
))
(/usr/share/texlive/texmf-dist/tex/latex/listings/lstlang1.sty
File: lstlang1.sty 2015/06/04 1.6 listings language file
)
(/usr/share/texlive/texmf-dist/tex/latex/etoolbox/etoolbox.sty
Package: etoolbox 2015/08/02 v2.2a e-TeX tools for LaTeX (JAW)
\etb@tempcnta=\count160
)
(/usr/share/texlive/texmf-dist/tex/latex/amsmath/amsmath.sty
Package: amsmath 2016/03/03 v2.15a AMS math features
\@mathmargin=\skip67

For additional information on amsmath, use the `?' option.
(/usr/share/texlive/texmf-dist/tex/latex/amsmath/amsbsy.sty
Package: amsbsy 1999/11/29 v1.2d Bold Symbols
\pmbraise@=\dimen194
)
(/usr/share/texlive/texmf-dist/tex/latex/amsmath/amsopn.sty
Package: amsopn 1999/12/14 v2.01 operator names
)
\inf@bad=\count161
LaTeX Info: Redefining \frac on input line 199.
\uproot@=\count162
\leftroot@=\count163
LaTeX Info: Redefining \overline on input line 297.
\classnum@=\count164
\DOTSCASE@=\count165
LaTeX Info: Redefining \ldots on input line 394.
LaTeX Info: Redefining \dots on input line 397.
LaTeX Info: Redefining \cdots on input line 518.
\Mathstrutbox@=\box53
\strutbox@=\box54
\big@size=\dimen195
LaTeX Font Info:    Redeclaring font encoding OML on input line 630.
LaTeX Font Info:    Redeclaring font encoding OMS on input line 631.
\macc@depth=\count166
\c@MaxMatrixCols=\count167
\dotsspace@=\muskip17
\c@parentequation=\count168
\dspbrk@lvl=\count169
\tag@help=\toks23
\row@=\count170
\column@=\count171
\maxfields@=\count172
\andhelp@=\toks24
\eqnshift@=\dimen196
\alignsep@=\dimen197
\tagshift@=\dimen198
\tagwidth@=\dimen199
\totwidth@=\dimen256
\lineht@=\dimen257
\@envbody=\toks25
\multlinegap=\skip68
\multlinetaggap=\skip69
\mathdisplay@stack=\toks26
LaTeX Info: Redefining \[ on input line 2735.
LaTeX Info: Redefining \] on input line 2736.
)
(/usr/share/texlive/texmf-dist/tex/latex/amsfonts/amssymb.sty
Package: amssymb 2013/01/14 v3.01 AMS font symbols

(/usr/share/texlive/texmf-dist/tex/latex/amsfonts/amsfonts.sty
Package: amsfonts 2013/01/14 v3.01 Basic AMSFonts support
\symAMSa=\mathgroup4
\symAMSb=\mathgroup5
LaTeX Font Info:    Overwriting math alphabet `\mathfrak' in version `bold'
(Font)                  U/euf/m/n --> U/euf/b/n on input line 106.
))
(/usr/share/texlive/texmf-dist/tex/latex/caption/caption.sty
Package: caption 2016/02/21 v3.3-144 Customizing captions (AR)

(/usr/share/texlive/texmf-dist/tex/latex/caption/caption3.sty
Package: caption3 2016/02/04 v1.7-139 caption3 kernel (AR)
Package caption3 Info: TeX engine: e-TeX on input line 67.
\captionmargin=\dimen258
\captionmargin@=\dimen259
\captionwidth=\dimen260
\caption@tempdima=\dimen261
\caption@indent=\dimen262
\caption@parindent=\dimen263
\caption@hangindent=\dimen264
)
\c@ContinuedFloat=\count173
Package caption Info: hyperref package is loaded.
Package caption Info: listings package is loaded.
)
(/usr/share/texlive/texmf-dist/tex/latex/caption/subcaption.sty
Package: subcaption 2016/02/20 v1.1-142 Sub-captions (AR)
\c@subfigure=\count174
\c@subtable=\count175
)
(/usr/share/texlive/texmf-dist/tex/latex/algorithms/algorithm.sty
Package: algorithm 2009/08/24 v0.1 Document Style `algorithm' - floating enviro
nment

(/usr/share/texlive/texmf-dist/tex/latex/float/float.sty
Package: float 2001/11/08 v1.3d Float enhancements (AL)
\c@float@type=\count176
\float@exts=\toks27
\float@box=\box55
\@float@everytoks=\toks28
\@floatcapt=\box56
)
\@float@every@algorithm=\toks29
\c@algorithm=\count177
)
(/usr/share/texlive/texmf-dist/tex/latex/algorithmicx/algpseudocode.sty
Package: algpseudocode 

(/usr/share/texlive/texmf-dist/tex/latex/algorithmicx/algorithmicx.sty
Package: algorithmicx 2005/04/27 v1.2 Algorithmicx

Document Style algorithmicx 1.2 - a greatly improved `algorithmic' style
\c@ALG@line=\count178
\c@ALG@rem=\count179
\c@ALG@nested=\count180
\ALG@tlm=\skip70
\ALG@thistlm=\skip71
\c@ALG@Lnr=\count181
\c@ALG@blocknr=\count182
\c@ALG@storecount=\count183
\c@ALG@tmpcounter=\count184
\ALG@tmplength=\skip72
)
Document Style - pseudocode environments for use with the `algorithmicx' style
) (./Thesis.aux (./Acknowledgements/Acknowledgements.aux)
(./Abstract/Abstract.aux) (./Introduction/Introduction.aux)
(./Chapter2/Chapter2.aux) (./Chapter3/Chapter3.aux) (./Chapter4/Chapter4.aux)
(./Chapter5/Chapter5.aux) (./Chapter6/Chapter6.aux)
(./Conclusions/Conclusions.aux))
\openout1 = `Thesis.aux'.

LaTeX Font Info:    Checking defaults for OML/cmm/m/it on input line 85.
LaTeX Font Info:    ... okay on input line 85.
LaTeX Font Info:    Checking defaults for T1/cmr/m/n on input line 85.
LaTeX Font Info:    ... okay on input line 85.
LaTeX Font Info:    Checking defaults for OT1/cmr/m/n on input line 85.
LaTeX Font Info:    ... okay on input line 85.
LaTeX Font Info:    Checking defaults for OMS/cmsy/m/n on input line 85.
LaTeX Font Info:    ... okay on input line 85.
LaTeX Font Info:    Checking defaults for OMX/cmex/m/n on input line 85.
LaTeX Font Info:    ... okay on input line 85.
LaTeX Font Info:    Checking defaults for U/cmr/m/n on input line 85.
LaTeX Font Info:    ... okay on input line 85.
LaTeX Font Info:    Checking defaults for PD1/pdf/m/n on input line 85.
LaTeX Font Info:    ... okay on input line 85.
LaTeX Font Info:    Checking defaults for TS1/cmr/m/n on input line 85.
LaTeX Font Info:    Try loading font information for TS1+cmr on input line 85.

(/usr/share/texlive/texmf-dist/tex/latex/base/ts1cmr.fd
File: ts1cmr.fd 2014/09/29 v2.5h Standard LaTeX font definitions
)
LaTeX Font Info:    ... okay on input line 85.

(/usr/share/texlive/texmf-dist/tex/latex/beamer/translator/dicts/translator-bas
ic-dictionary/translator-basic-dictionary-English.dict
Dictionary: translator-basic-dictionary, Language: English 
)
(/usr/share/texlive/texmf-dist/tex/latex/siunitx/siunitx-abbreviations.cfg
File: siunitx-abbreviations.cfg 2016/03/01 v2.6q siunitx: Abbreviated units
)
(/usr/share/texlive/texmf-dist/tex/context/base/supp-pdf.mkii
[Loading MPS to PDF converter (version 2006.09.02).]
\scratchcounter=\count185
\scratchdimen=\dimen265
\scratchbox=\box57
\nofMPsegments=\count186
\nofMParguments=\count187
\everyMPshowfont=\toks30
\MPscratchCnt=\count188
\MPscratchDim=\dimen266
\MPnumerator=\count189
\makeMPintoPDFobject=\count190
\everyMPtoPDFconversion=\toks31
) (/usr/share/texlive/texmf-dist/tex/latex/oberdiek/epstopdf-base.sty
Package: epstopdf-base 2010/02/09 v2.5 Base part for package epstopdf

(/usr/share/texlive/texmf-dist/tex/latex/oberdiek/grfext.sty
Package: grfext 2010/08/19 v1.1 Manage graphics extensions (HO)
)
Package grfext Info: Graphics extension search list:
(grfext)             [.png,.pdf,.jpg,.mps,.jpeg,.jbig2,.jb2,.PNG,.PDF,.JPG,.JPE
G,.JBIG2,.JB2,.eps]
(grfext)             \AppendGraphicsExtensions on input line 452.

(/usr/share/texlive/texmf-dist/tex/latex/latexconfig/epstopdf-sys.cfg
File: epstopdf-sys.cfg 2010/07/13 v1.3 Configuration of (r)epstopdf for TeX Liv
e
))
\AtBeginShipoutBox=\box58
Package hyperref Info: Link coloring ON on input line 85.

(/usr/share/texlive/texmf-dist/tex/latex/hyperref/nameref.sty
Package: nameref 2012/10/27 v2.43 Cross-referencing by name of section

(/usr/share/texlive/texmf-dist/tex/generic/oberdiek/gettitlestring.sty
Package: gettitlestring 2010/12/03 v1.4 Cleanup title references (HO)
)
\c@section@level=\count191
)
LaTeX Info: Redefining \ref on input line 85.
LaTeX Info: Redefining \pageref on input line 85.
LaTeX Info: Redefining \nameref on input line 85.

(./Thesis.out) (./Thesis.out)
\@outlinefile=\write4
\openout4 = `Thesis.out'.


*geometry* driver: auto-detecting
*geometry* detected driver: pdftex
*geometry* verbose mode - [ preamble ] result:
* driver: pdftex
* paper: a4paper
* layout: <same size as paper>
* layoutoffset:(h,v)=(0.0pt,0.0pt)
* bindingoffset: 28.45274pt
* modes: twoside 
* h-part:(L,W,R)=(71.13188pt, 426.79137pt, 71.13188pt)
* v-part:(T,H,B)=(71.13188pt, 702.78308pt, 71.13188pt)
* \paperwidth=597.50787pt
* \paperheight=845.04684pt
* \textwidth=426.79137pt
* \textheight=702.78308pt
* \oddsidemargin=27.31464pt
* \evensidemargin=-1.1381pt
* \topmargin=-33.0119pt
* \headheight=13.6pt
* \headsep=19.8738pt
* \topskip=12.0pt
* \footskip=30.0pt
* \marginparwidth=88.0pt
* \marginparsep=7.0pt
* \columnsep=10.0pt
* \skip\footins=10.8pt plus 4.0pt minus 2.0pt
* \hoffset=0.0pt
* \voffset=0.0pt
* \mag=1000
* \@twocolumnfalse
* \@twosidetrue
* \@mparswitchtrue
* \@reversemarginfalse
* (1in=72.27pt=25.4mm, 1cm=28.453pt)

ABD: EveryShipout initializing macros
\c@lstlisting=\count192
Package caption Info: Begin \AtBeginDocument code.
Package caption Info: float package is loaded.
Package caption Info: End \AtBeginDocument code.
\c__siunitx_mathsf_int=\count193
LaTeX Font Info:    Try loading font information for U+msa on input line 85.

(/usr/share/texlive/texmf-dist/tex/latex/amsfonts/umsa.fd
File: umsa.fd 2013/01/14 v3.01 AMS symbols A
)
LaTeX Font Info:    Try loading font information for U+msb on input line 85.

(/usr/share/texlive/texmf-dist/tex/latex/amsfonts/umsb.fd
File: umsb.fd 2013/01/14 v3.01 AMS symbols B
)
\c__siunitx_mathtt_int=\count194
Package epstopdf Info: Source file: <./figure/unipd-light.eps>
(epstopdf)                    date: 2018-09-27 17:36:10
(epstopdf)                    size: 5409600 bytes
(epstopdf)             Output file: <./figure/unipd-light-eps-converted-to.pdf>

(epstopdf)                    date: 2018-09-27 17:39:26
(epstopdf)                    size: 116900 bytes
(epstopdf)             Command: <repstopdf --outfile=./figure/unipd-light-eps-c
onverted-to.pdf ./figure/unipd-light.eps>
(epstopdf)             \includegraphics on input line 88.
Package epstopdf Info: Output file is already uptodate.

<./figure/unipd-light-eps-converted-to.pdf, id=192, 452.69125pt x 455.7025pt>
File: ./figure/unipd-light-eps-converted-to.pdf Graphic file (type pdf)

<use ./figure/unipd-light-eps-converted-to.pdf>
Package pdftex.def Info: ./figure/unipd-light-eps-converted-to.pdf used on inpu
t line 88.
(pdftex.def)             Requested size: 384.1122pt x 386.6675pt.
 [1{/var/lib/texmf/fonts/map/pdftex/updmap/pdftex.map}



 <./figure/unipd-light-eps-converted-to.pdf>] [2

]
[3] [4

]
\openout2 = `./Acknowledgements/Acknowledgements.aux'.

 (./Acknowledgements/Acknowledgements.tex
<./figure/../figure/logo_ua.png, id=220, 462.2871pt x 173.448pt>
File: ./figure/../figure/logo_ua.png Graphic file (type png)

<use ./figure/../figure/logo_ua.png>
Package pdftex.def Info: ./figure/../figure/logo_ua.png used on input line 8.
(pdftex.def)             Requested size: 213.39568pt x 80.06493pt.
) [5


 <./figure/../figure/logo_ua.png>]
[6


]
\openout2 = `./Abstract/Abstract.aux'.

 (./Abstract/Abstract.tex) [7


] [8


] (./Thesis.tocpdfTeX warning (ext4): destination with the same identifier (nam
e{page.i}) has been already used, duplicate ignored
<to be read again> 
                   \relax 
l.42 ...Model Predictive Control}{37}{section.5.2}
                                                   [1

])
\tf@toc=\write5
\openout5 = `Thesis.toc'.



Package Fancyhdr Warning: \headheight is too small (13.6pt): 
 Make it at least 14.49998pt.
 We now make it that large for the rest of the document.
 This may cause the page layout to be inconsistent, however.

pdfTeX warning (ext4): destination with the same identifier (name{page.ii}) has
 been already used, duplicate ignored
<to be read again> 
                   \relax 
l.102 \clearemptydoublepage
                            [2] (./Thesis.lof
Overfull \hbox (0.2559pt too wide) in paragraph at lines 7--7
 [][] [][][]\T1/cmr/m/n/12 BRAiVE pro-to-type de-vel-opted by Vis-Lab, based on
 a Hyundai Sonata 
 []

pdfTeX warning (ext4): destination with the same identifier (name{page.iii}) ha
s been already used, duplicate ignored
<to be read again> 
                   \relax 
l.35 ...idal path.\relax }}{43}{figure.caption.35}
                                                   [3


])
\tf@lof=\write6
\openout6 = `Thesis.lof'.

pdfTeX warning (ext4): destination with the same identifier (name{page.iv}) has
 been already used, duplicate ignored
<to be read again> 
                   \relax 
l.106 \clearemptydoublepage
                            [4]
\openout2 = `./Introduction/Introduction.aux'.

 (./Introduction/Introduction.tex
Chapter 1.
[1




] <./figure/../figure/modelosatlas1.pdf, id=432, 513.92pt x 385.44pt>
File: ./figure/../figure/modelosatlas1.pdf Graphic file (type pdf)

<use ./figure/../figure/modelosatlas1.pdf>
Package pdftex.def Info: ./figure/../figure/modelosatlas1.pdf used on input lin
e 24.
(pdftex.def)             Requested size: 136.57635pt x 102.42929pt.

<./figure/../figure/modelosatlas2.pdf, id=433, 907.39pt x 914.41624pt>
File: ./figure/../figure/modelosatlas2.pdf Graphic file (type pdf)

<use ./figure/../figure/modelosatlas2.pdf>
Package pdftex.def Info: ./figure/../figure/modelosatlas2.pdf used on input lin
e 29.
(pdftex.def)             Requested size: 136.57635pt x 137.6309pt.

<./figure/../figure/modelosatlas3.pdf, id=434, 906.38625pt x 918.43124pt>
File: ./figure/../figure/modelosatlas3.pdf Graphic file (type pdf)

<use ./figure/../figure/modelosatlas3.pdf>
Package pdftex.def Info: ./figure/../figure/modelosatlas3.pdf used on input lin
e 34.
(pdftex.def)             Requested size: 136.57635pt x 138.38937pt.

<./figure/../figure/atlascar1.jpg, id=440, 699.61375pt x 396.48125pt>
File: ./figure/../figure/atlascar1.jpg Graphic file (type jpg)

<use ./figure/../figure/atlascar1.jpg>
Package pdftex.def Info: ./figure/../figure/atlascar1.jpg used on input line 46
.
(pdftex.def)             Requested size: 426.79137pt x 241.87135pt.
 [2 <./figure/../figure/modelosatlas1.pdf> <./figure/../figure/modelosatlas2.pd
f> <./figure/../figure/modelosatlas3.pdf>] <./figure/../figure/atlascar2.jpg, i
d=462, 2463.2025pt x 1321.93875pt>
File: ./figure/../figure/atlascar2.jpg Graphic file (type jpg)

<use ./figure/../figure/atlascar2.jpg>
Package pdftex.def Info: ./figure/../figure/atlascar2.jpg used on input line 56
.
(pdftex.def)             Requested size: 426.79137pt x 229.04324pt.
 [3 <./figure/../figure/atlascar1.jpg>]
<./figure/../figure/veiculos0.png, id=472, 401.5pt x 315.1775pt>
File: ./figure/../figure/veiculos0.png Graphic file (type png)

<use ./figure/../figure/veiculos0.png>
Package pdftex.def Info: ./figure/../figure/veiculos0.png used on input line 71
.
(pdftex.def)             Requested size: 277.41177pt x 217.78049pt.

<./figure/../figure/veiculos1.png, id=475, 1164.35pt x 556.0775pt>
File: ./figure/../figure/veiculos1.png Graphic file (type png)

<use ./figure/../figure/veiculos1.png>
Package pdftex.def Info: ./figure/../figure/veiculos1.png used on input line 76
.
(pdftex.def)             Requested size: 277.41177pt x 132.48553pt.
 [4 <./figure/../figure/atlascar2.jpg>]
<./figure/../figure/veiculos4.png, id=489, 670.505pt x 352.31625pt>
File: ./figure/../figure/veiculos4.png Graphic file (type png)

<use ./figure/../figure/veiculos4.png>
Package pdftex.def Info: ./figure/../figure/veiculos4.png used on input line 89
.
(pdftex.def)             Requested size: 277.41177pt x 145.76231pt.
 [5 <./figure/../figure/veiculos0.png> <./figure/../figure/veiculos1.png (PNG c
opy)>]
<./figure/../figure/veiculos5.png, id=501, 712.6625pt x 610.28pt>
File: ./figure/../figure/veiculos5.png Graphic file (type png)

<use ./figure/../figure/veiculos5.png>
Package pdftex.def Info: ./figure/../figure/veiculos5.png used on input line 10
0.
(pdftex.def)             Requested size: 256.07742pt x 219.28159pt.

Overfull \hbox (1.18428pt too wide) in paragraph at lines 105--105
|\T1/cmr/bx/n/17.28 1.3 Con-text of the Prob-lem and Pro-posed Ap-proach| 
 []

[6 <./figure/../figure/veiculos4.png (PNG copy)> <./figure/../figure/veiculos5.
png>] [7]) [8]
\openout2 = `./Chapter2/Chapter2.aux'.

 (./Chapter2/Chapter2.tex
Chapter 2.
[9




]) [10]
\openout2 = `./Chapter3/Chapter3.aux'.

 (./Chapter3/Chapter3.tex
Chapter 3.
<./figure/../figure/mpc_theory.png, id=553, 2007.5pt x 1115.16624pt>
File: ./figure/../figure/mpc_theory.png Graphic file (type png)

<use ./figure/../figure/mpc_theory.png>
Package pdftex.def Info: ./figure/../figure/mpc_theory.png used on input line 2
4.
(pdftex.def)             Requested size: 426.79137pt x 237.08455pt.


LaTeX Warning: `!h' float specifier changed to `!ht'.

[11




] [12 <./figure/../figure/mpc_theory.png>]
Package hyperref Info: bookmark level for unknown algorithm defaults to 0 on in
put line 64.
 [13] [14]) [15] [16


]
\openout2 = `./Chapter4/Chapter4.aux'.


(./Chapter4/Chapter4.tex
Chapter 4.

<./figure/../figure/obstacleAvoidance/obstacleAvoidance.pdf, id=613, 142.66399p
t x 26.76198pt>
File: ./figure/../figure/obstacleAvoidance/obstacleAvoidance.pdf Graphic file (
type pdf)

<use ./figure/../figure/obstacleAvoidance/obstacleAvoidance.pdf>
Package pdftex.def Info: ./figure/../figure/obstacleAvoidance/obstacleAvoidance
.pdf used on input line 9.
(pdftex.def)             Requested size: 426.79137pt x 80.06477pt.

<./figure/../figure/car_model.pdf, id=615, 157.78084pt x 117.82713pt>
File: ./figure/../figure/car_model.pdf Graphic file (type pdf)

<use ./figure/../figure/car_model.pdf>
Package pdftex.def Info: ./figure/../figure/car_model.pdf used on input line 34
.
(pdftex.def)             Requested size: 341.43439pt x 255.02417pt.
 [17


 <./figure/../figure/obstacleAvoidance/obstacleAvoidance.pdf>] [18 <./figure/..
/figure/car_model.pdf>]
<./figure/../figure/flowchart/flowchart.pdf, id=646, 243.39531pt x 230.74506pt>
File: ./figure/../figure/flowchart/flowchart.pdf Graphic file (type pdf)
<use ./figure/../figure/flowchart/flowchart.pdf>
Package pdftex.def Info: ./figure/../figure/flowchart/flowchart.pdf used on inp
ut line 128.
(pdftex.def)             Requested size: 426.79137pt x 404.6408pt.
 [19]
Underfull \vbox (badness 1584) has occurred while \output is active []

 [20 <./figure/../figure/flowchart/flowchart.pdf>]
<./figure/../figure/constraint/constraint.pdf, id=669, 142.66399pt x 38.85918pt
>
File: ./figure/../figure/constraint/constraint.pdf Graphic file (type pdf)
 <use ./figure/../figure/constraint/constraint.pdf>
Package pdftex.def Info: ./figure/../figure/constraint/constraint.pdf used on i
nput line 176.
(pdftex.def)             Requested size: 426.79137pt x 116.25642pt.

<./figure/../figure/MovingObstacleAvoidance.pdf, id=676, 770.94273pt x 289.3764
2pt>
File: ./figure/../figure/MovingObstacleAvoidance.pdf Graphic file (type pdf)
 <use ./figure/../figure/MovingObstacleAvoidance.pdf>
Package pdftex.def Info: ./figure/../figure/MovingObstacleAvoidance.pdf used on
 input line 187.
(pdftex.def)             Requested size: 426.79137pt x 160.19516pt.
 [21 <./figure/../figure/constraint/constraint.pdf>]
<./figure/../figure/one_obstacle_right_overtaking/overtaking_start.pdf, id=724,
 360.02866pt x 55.63362pt>
File: ./figure/../figure/one_obstacle_right_overtaking/overtaking_start.pdf Gra
phic file (type pdf)

<use ./figure/../figure/one_obstacle_right_overtaking/overtaking_start.pdf>
Package pdftex.def Info: ./figure/../figure/one_obstacle_right_overtaking/overt
aking_start.pdf used on input line 202.
(pdftex.def)             Requested size: 426.79137pt x 65.95438pt.

<./figure/../figure/one_obstacle_right_overtaking/overtaking_middle.pdf, id=725
, 366.05116pt x 56.33154pt>
File: ./figure/../figure/one_obstacle_right_overtaking/overtaking_middle.pdf Gr
aphic file (type pdf)

<use ./figure/../figure/one_obstacle_right_overtaking/overtaking_middle.pdf>
Package pdftex.def Info: ./figure/../figure/one_obstacle_right_overtaking/overt
aking_middle.pdf used on input line 205.
(pdftex.def)             Requested size: 426.79137pt x 65.68155pt.

<./figure/../figure/one_obstacle_right_overtaking/overtaking_middle_end.pdf, id
=726, 360.02866pt x 55.63362pt>
File: ./figure/../figure/one_obstacle_right_overtaking/overtaking_middle_end.pd
f Graphic file (type pdf)

<use ./figure/../figure/one_obstacle_right_overtaking/overtaking_middle_end.pdf
>
Package pdftex.def Info: ./figure/../figure/one_obstacle_right_overtaking/overt
aking_middle_end.pdf used on input line 208.
(pdftex.def)             Requested size: 426.79137pt x 65.95438pt.

<./figure/../figure/one_obstacle_right_overtaking/overtaking_end.pdf, id=727, 3
59.89572pt x 70.02922pt>
File: ./figure/../figure/one_obstacle_right_overtaking/overtaking_end.pdf Graph
ic file (type pdf)

<use ./figure/../figure/one_obstacle_right_overtaking/overtaking_end.pdf>
Package pdftex.def Info: ./figure/../figure/one_obstacle_right_overtaking/overt
aking_end.pdf used on input line 211.
(pdftex.def)             Requested size: 426.79137pt x 83.04941pt.


LaTeX Warning: `!h' float specifier changed to `!ht'.

[22 <./figure/../figure/MovingObstacleAvoidance.pdf>]
Underfull \vbox (badness 1360) has occurred while \output is active []

 [23 <./figure/../figure/one_obstacle_right_overtaking/overtaking_start.pdf> <.
/figure/../figure/one_obstacle_right_overtaking/overtaking_middle.pdf

pdfTeX warning: /usr/bin/pdflatex (file ./figure/../figure/one_obstacle_right_o
vertaking/overtaking_middle.pdf): PDF inclusion: multiple pdfs with page group 
included in a single page
> <./figure/../figure/one_obstacle_right_overtaking/overtaking_middle_end.pdf

pdfTeX warning: /usr/bin/pdflatex (file ./figure/../figure/one_obstacle_right_o
vertaking/overtaking_middle_end.pdf): PDF inclusion: multiple pdfs with page gr
oup included in a single page
> <./figure/../figure/one_obstacle_right_overtaking/overtaking_end.pdf

pdfTeX warning: /usr/bin/pdflatex (file ./figure/../figure/one_obstacle_right_o
vertaking/overtaking_end.pdf): PDF inclusion: multiple pdfs with page group inc
luded in a single page
>]
<../../MATLAB/one_obstacle_right_overtaking/figure/LongitudinalPositionVsTime.p
df, id=1324, 273.02pt x 190.7125pt>
File: ../../MATLAB/one_obstacle_right_overtaking/figure/LongitudinalPositionVsT
ime.pdf Graphic file (type pdf)

<use ../../MATLAB/one_obstacle_right_overtaking/figure/LongitudinalPositionVsTi
me.pdf>
Package pdftex.def Info: ../../MATLAB/one_obstacle_right_overtaking/figure/Long
itudinalPositionVsTime.pdf used on input line 263.
(pdftex.def)             Requested size: 213.39568pt x 149.0636pt.

<../../MATLAB/one_obstacle_right_overtaking/figure/LateralPositionVsTime.pdf, i
d=1325, 273.02pt x 190.7125pt>
File: ../../MATLAB/one_obstacle_right_overtaking/figure/LateralPositionVsTime.p
df Graphic file (type pdf)

<use ../../MATLAB/one_obstacle_right_overtaking/figure/LateralPositionVsTime.pd
f>
Package pdftex.def Info: ../../MATLAB/one_obstacle_right_overtaking/figure/Late
ralPositionVsTime.pdf used on input line 267.
(pdftex.def)             Requested size: 213.39568pt x 149.0636pt.

<../../MATLAB/one_obstacle_right_overtaking/figure/VelocityVsTime.pdf, id=1326,
 273.02pt x 190.7125pt>
File: ../../MATLAB/one_obstacle_right_overtaking/figure/VelocityVsTime.pdf Grap
hic file (type pdf)

<use ../../MATLAB/one_obstacle_right_overtaking/figure/VelocityVsTime.pdf>
Package pdftex.def Info: ../../MATLAB/one_obstacle_right_overtaking/figure/Velo
cityVsTime.pdf used on input line 271.
(pdftex.def)             Requested size: 213.39568pt x 149.0636pt.

<../../MATLAB/one_obstacle_right_overtaking/figure/ThrottleVsTime.pdf, id=1327,
 273.02pt x 190.7125pt>
File: ../../MATLAB/one_obstacle_right_overtaking/figure/ThrottleVsTime.pdf Grap
hic file (type pdf)

<use ../../MATLAB/one_obstacle_right_overtaking/figure/ThrottleVsTime.pdf>
Package pdftex.def Info: ../../MATLAB/one_obstacle_right_overtaking/figure/Thro
ttleVsTime.pdf used on input line 275.
(pdftex.def)             Requested size: 213.39568pt x 149.0636pt.

<../../MATLAB/one_obstacle_right_overtaking/figure/SteeringAngleVsTime.pdf, id=
1328, 273.02pt x 190.7125pt>
File: ../../MATLAB/one_obstacle_right_overtaking/figure/SteeringAngleVsTime.pdf
 Graphic file (type pdf)

<use ../../MATLAB/one_obstacle_right_overtaking/figure/SteeringAngleVsTime.pdf>
Package pdftex.def Info: ../../MATLAB/one_obstacle_right_overtaking/figure/Stee
ringAngleVsTime.pdf used on input line 279.
(pdftex.def)             Requested size: 213.39568pt x 149.0636pt.

<../../MATLAB/one_obstacle_right_overtaking/figure/HeadingAngleVsTime.pdf, id=1
329, 273.02pt x 190.7125pt>
File: ../../MATLAB/one_obstacle_right_overtaking/figure/HeadingAngleVsTime.pdf 
Graphic file (type pdf)

<use ../../MATLAB/one_obstacle_right_overtaking/figure/HeadingAngleVsTime.pdf>
Package pdftex.def Info: ../../MATLAB/one_obstacle_right_overtaking/figure/Head
ingAngleVsTime.pdf used on input line 283.
(pdftex.def)             Requested size: 213.39568pt x 149.0636pt.

Overfull \hbox (2.61047pt too wide) in paragraph at lines 262--286
[][] []
 []


Overfull \hbox (2.61047pt too wide) in paragraph at lines 262--286
[] []
 []


Overfull \hbox (2.61047pt too wide) in paragraph at lines 262--286
[] [] 
 []


<./figure/random_N_obstacles/overtaking_random_2.pdf, id=1333, 361.89786pt x 50
.75359pt>
File: ./figure/random_N_obstacles/overtaking_random_2.pdf Graphic file (type pd
f)
 <use ./figure/random_N_obstacles/overtaking_random_2.pdf>
Package pdftex.def Info: ./figure/random_N_obstacles/overtaking_random_2.pdf us
ed on input line 303.
(pdftex.def)             Requested size: 426.79137pt x 59.85771pt.

<./figure/random_N_obstacles/overtaking_random.pdf, id=1334, 361.89893pt x 43.4
2003pt>
File: ./figure/random_N_obstacles/overtaking_random.pdf Graphic file (type pdf)

 <use ./figure/random_N_obstacles/overtaking_random.pdf>
Package pdftex.def Info: ./figure/random_N_obstacles/overtaking_random.pdf used
 on input line 306.
(pdftex.def)             Requested size: 426.79137pt x 51.20868pt.

<./figure/random_N_obstacles/overtaking_random_1.pdf, id=1335, 361.89789pt x 54
.51657pt>
File: ./figure/random_N_obstacles/overtaking_random_1.pdf Graphic file (type pd
f)
 <use ./figure/random_N_obstacles/overtaking_random_1.pdf>
Package pdftex.def Info: ./figure/random_N_obstacles/overtaking_random_1.pdf us
ed on input line 309.
(pdftex.def)             Requested size: 426.79137pt x 64.2957pt.


LaTeX Warning: `!h' float specifier changed to `!ht'.


<./figure/../figure/6_obstacles/6_obstacles_1.pdf, id=1337, 368.24551pt x 47.08
228pt>
File: ./figure/../figure/6_obstacles/6_obstacles_1.pdf Graphic file (type pdf)
 <use ./figure/../figure/6_obstacles/6_obstacles_1.pdf>
Package pdftex.def Info: ./figure/../figure/6_obstacles/6_obstacles_1.pdf used 
on input line 320.
(pdftex.def)             Requested size: 426.79137pt x 54.5709pt.

<./figure/../figure/6_obstacles/6_obstacles_2.pdf, id=1338, 368.24551pt x 47.08
228pt>
File: ./figure/../figure/6_obstacles/6_obstacles_2.pdf Graphic file (type pdf)
 <use ./figure/../figure/6_obstacles/6_obstacles_2.pdf>
Package pdftex.def Info: ./figure/../figure/6_obstacles/6_obstacles_2.pdf used 
on input line 323.
(pdftex.def)             Requested size: 426.79137pt x 54.5709pt.

<./figure/../figure/6_obstacles/6_obstacles_3.pdf, id=1339, 368.24551pt x 47.08
228pt>
File: ./figure/../figure/6_obstacles/6_obstacles_3.pdf Graphic file (type pdf)
 <use ./figure/../figure/6_obstacles/6_obstacles_3.pdf>
Package pdftex.def Info: ./figure/../figure/6_obstacles/6_obstacles_3.pdf used 
on input line 326.
(pdftex.def)             Requested size: 426.79137pt x 54.5709pt.

<./figure/../figure/6_obstacles/6_obstacles_4.pdf, id=1340, 368.24551pt x 47.08
228pt>
File: ./figure/../figure/6_obstacles/6_obstacles_4.pdf Graphic file (type pdf)
 <use ./figure/../figure/6_obstacles/6_obstacles_4.pdf>
Package pdftex.def Info: ./figure/../figure/6_obstacles/6_obstacles_4.pdf used 
on input line 329.
(pdftex.def)             Requested size: 426.79137pt x 54.5709pt.

<./figure/../figure/6_obstacles/6_obstacles_5.pdf, id=1341, 362.223pt x 46.5523
pt>
File: ./figure/../figure/6_obstacles/6_obstacles_5.pdf Graphic file (type pdf)
 <use ./figure/../figure/6_obstacles/6_obstacles_5.pdf>
Package pdftex.def Info: ./figure/../figure/6_obstacles/6_obstacles_5.pdf used 
on input line 332.
(pdftex.def)             Requested size: 426.79137pt x 54.85094pt.

<./figure/../figure/6_obstacles/6_obstacles_6.pdf, id=1342, 368.24551pt x 47.08
228pt>
File: ./figure/../figure/6_obstacles/6_obstacles_6.pdf Graphic file (type pdf)
 <use ./figure/../figure/6_obstacles/6_obstacles_6.pdf>
Package pdftex.def Info: ./figure/../figure/6_obstacles/6_obstacles_6.pdf used 
on input line 335.
(pdftex.def)             Requested size: 426.79137pt x 54.5709pt.
 [24]

LaTeX Warning: `!h' float specifier changed to `!ht'.


<../../MATLAB/6_obstacles/figure/LongitudinalPositionVsTime.pdf, id=1349, 273.0
2pt x 190.7125pt>
File: ../../MATLAB/6_obstacles/figure/LongitudinalPositionVsTime.pdf Graphic fi
le (type pdf)

<use ../../MATLAB/6_obstacles/figure/LongitudinalPositionVsTime.pdf>
Package pdftex.def Info: ../../MATLAB/6_obstacles/figure/LongitudinalPositionVs
Time.pdf used on input line 345.
(pdftex.def)             Requested size: 213.39568pt x 149.0636pt.

<../../MATLAB/6_obstacles/figure/LateralPositionVsTime.pdf, id=1350, 273.02pt x
 190.7125pt>
File: ../../MATLAB/6_obstacles/figure/LateralPositionVsTime.pdf Graphic file (t
ype pdf)
 <use ../../MATLAB/6_obstacles/figure/LateralPositionVsTime.pdf>
Package pdftex.def Info: ../../MATLAB/6_obstacles/figure/LateralPositionVsTime.
pdf used on input line 349.
(pdftex.def)             Requested size: 213.39568pt x 149.0636pt.

<../../MATLAB/6_obstacles/figure/VelocityVsTime.pdf, id=1351, 273.02pt x 190.71
25pt>
File: ../../MATLAB/6_obstacles/figure/VelocityVsTime.pdf Graphic file (type pdf
)
 <use ../../MATLAB/6_obstacles/figure/VelocityVsTime.pdf>
Package pdftex.def Info: ../../MATLAB/6_obstacles/figure/VelocityVsTime.pdf use
d on input line 353.
(pdftex.def)             Requested size: 213.39568pt x 149.0636pt.

<../../MATLAB/6_obstacles/figure/ThrottleVsTime.pdf, id=1352, 273.02pt x 190.71
25pt>
File: ../../MATLAB/6_obstacles/figure/ThrottleVsTime.pdf Graphic file (type pdf
)
 <use ../../MATLAB/6_obstacles/figure/ThrottleVsTime.pdf>
Package pdftex.def Info: ../../MATLAB/6_obstacles/figure/ThrottleVsTime.pdf use
d on input line 357.
(pdftex.def)             Requested size: 213.39568pt x 149.0636pt.

<../../MATLAB/6_obstacles/figure/SteeringAngleVsTime.pdf, id=1353, 273.02pt x 1
90.7125pt>
File: ../../MATLAB/6_obstacles/figure/SteeringAngleVsTime.pdf Graphic file (typ
e pdf)
 <use ../../MATLAB/6_obstacles/figure/SteeringAngleVsTime.pdf>
Package pdftex.def Info: ../../MATLAB/6_obstacles/figure/SteeringAngleVsTime.pd
f used on input line 361.
(pdftex.def)             Requested size: 213.39568pt x 149.0636pt.

<../../MATLAB/6_obstacles/figure/HeadingAngleVsTime.pdf, id=1354, 273.02pt x 19
0.7125pt>
File: ../../MATLAB/6_obstacles/figure/HeadingAngleVsTime.pdf Graphic file (type
 pdf)
 <use ../../MATLAB/6_obstacles/figure/HeadingAngleVsTime.pdf>
Package pdftex.def Info: ../../MATLAB/6_obstacles/figure/HeadingAngleVsTime.pdf
 used on input line 365.
(pdftex.def)             Requested size: 213.39568pt x 149.0636pt.

Overfull \hbox (2.61047pt too wide) in paragraph at lines 344--368
[][] []
 []


Overfull \hbox (2.61047pt too wide) in paragraph at lines 344--368
[] []
 []


Overfull \hbox (2.61047pt too wide) in paragraph at lines 344--368
[] [] 
 []


Underfull \vbox (badness 3260) has occurred while \output is active []

 [25 <../../MATLAB/one_obstacle_right_overtaking/figure/LongitudinalPositionVsT
ime.pdf> <../../MATLAB/one_obstacle_right_overtaking/figure/LateralPositionVsTi
me.pdf> <../../MATLAB/one_obstacle_right_overtaking/figure/VelocityVsTime.pdf> 
<../../MATLAB/one_obstacle_right_overtaking/figure/ThrottleVsTime.pdf> <../../M
ATLAB/one_obstacle_right_overtaking/figure/SteeringAngleVsTime.pdf> <../../MATL
AB/one_obstacle_right_overtaking/figure/HeadingAngleVsTime.pdf>]
<./figure/../figure/no_overtaking/no_overtaking_1.pdf, id=1686, 362.223pt x 52.
02876pt>
File: ./figure/../figure/no_overtaking/no_overtaking_1.pdf Graphic file (type p
df)
 <use ./figure/../figure/no_overtaking/no_overtaking_1.pdf>
Package pdftex.def Info: ./figure/../figure/no_overtaking/no_overtaking_1.pdf u
sed on input line 378.
(pdftex.def)             Requested size: 426.79137pt x 61.30367pt.

<./figure/../figure/no_overtaking/no_overtaking_1_5.pdf, id=1687, 368.24551pt x
 52.65968pt>
File: ./figure/../figure/no_overtaking/no_overtaking_1_5.pdf Graphic file (type
 pdf)
 <use ./figure/../figure/no_overtaking/no_overtaking_1_5.pdf>
Package pdftex.def Info: ./figure/../figure/no_overtaking/no_overtaking_1_5.pdf
 used on input line 381.
(pdftex.def)             Requested size: 426.79137pt x 61.03545pt.

<./figure/../figure/no_overtaking/no_overtaking_2.pdf, id=1688, 362.223pt x 52.
02876pt>
File: ./figure/../figure/no_overtaking/no_overtaking_2.pdf Graphic file (type p
df)
 <use ./figure/../figure/no_overtaking/no_overtaking_2.pdf>
Package pdftex.def Info: ./figure/../figure/no_overtaking/no_overtaking_2.pdf u
sed on input line 384.
(pdftex.def)             Requested size: 426.79137pt x 61.30367pt.

<./figure/../figure/no_overtaking/no_overtaking_3.pdf, id=1689, 362.223pt x 52.
02876pt>
File: ./figure/../figure/no_overtaking/no_overtaking_3.pdf Graphic file (type p
df)
 <use ./figure/../figure/no_overtaking/no_overtaking_3.pdf>
Package pdftex.def Info: ./figure/../figure/no_overtaking/no_overtaking_3.pdf u
sed on input line 387.
(pdftex.def)             Requested size: 426.79137pt x 61.30367pt.

<./figure/../figure/no_overtaking/no_overtaking_4.pdf, id=1690, 362.223pt x 66.
4263pt>
File: ./figure/../figure/no_overtaking/no_overtaking_4.pdf Graphic file (type p
df)
 <use ./figure/../figure/no_overtaking/no_overtaking_4.pdf>
Package pdftex.def Info: ./figure/../figure/no_overtaking/no_overtaking_4.pdf u
sed on input line 390.
(pdftex.def)             Requested size: 426.79137pt x 78.26779pt.

Underfull \vbox (badness 6775) has occurred while \output is active []

 [26 <./figure/random_N_obstacles/overtaking_random_2.pdf> <./figure/random_N_o
bstacles/overtaking_random.pdf

pdfTeX warning: /usr/bin/pdflatex (file ./figure/random_N_obstacles/overtaking_
random.pdf): PDF inclusion: multiple pdfs with page group included in a single 
page
> <./figure/random_N_obstacles/overtaking_random_1.pdf

pdfTeX warning: /usr/bin/pdflatex (file ./figure/random_N_obstacles/overtaking_
random_1.pdf): PDF inclusion: multiple pdfs with page group included in a singl
e page
> <./figure/../figure/6_obstacles/6_obstacles_1.pdf

pdfTeX warning: /usr/bin/pdflatex (file ./figure/../figure/6_obstacles/6_obstac
les_1.pdf): PDF inclusion: multiple pdfs with page group included in a single p
age
> <./figure/../figure/6_obstacles/6_obstacles_2.pdf

pdfTeX warning: /usr/bin/pdflatex (file ./figure/../figure/6_obstacles/6_obstac
les_2.pdf): PDF inclusion: multiple pdfs with page group included in a single p
age
> <./figure/../figure/6_obstacles/6_obstacles_3.pdf

pdfTeX warning: /usr/bin/pdflatex (file ./figure/../figure/6_obstacles/6_obstac
les_3.pdf): PDF inclusion: multiple pdfs with page group included in a single p
age
> <./figure/../figure/6_obstacles/6_obstacles_4.pdf

pdfTeX warning: /usr/bin/pdflatex (file ./figure/../figure/6_obstacles/6_obstac
les_4.pdf): PDF inclusion: multiple pdfs with page group included in a single p
age
> <./figure/../figure/6_obstacles/6_obstacles_5.pdf

pdfTeX warning: /usr/bin/pdflatex (file ./figure/../figure/6_obstacles/6_obstac
les_5.pdf): PDF inclusion: multiple pdfs with page group included in a single p
age
> <./figure/../figure/6_obstacles/6_obstacles_6.pdf

pdfTeX warning: /usr/bin/pdflatex (file ./figure/../figure/6_obstacles/6_obstac
les_6.pdf): PDF inclusion: multiple pdfs with page group included in a single p
age
>] [27 <../../MATLAB/6_obstacles/figure/LongitudinalPositionVsTime.pdf> <../../
MATLAB/6_obstacles/figure/LateralPositionVsTime.pdf> <../../MATLAB/6_obstacles/
figure/VelocityVsTime.pdf> <../../MATLAB/6_obstacles/figure/ThrottleVsTime.pdf>
 <../../MATLAB/6_obstacles/figure/SteeringAngleVsTime.pdf> <../../MATLAB/6_obst
acles/figure/HeadingAngleVsTime.pdf>] [28 <./figure/../figure/no_overtaking/no_
overtaking_1.pdf> <./figure/../figure/no_overtaking/no_overtaking_1_5.pdf

pdfTeX warning: /usr/bin/pdflatex (file ./figure/../figure/no_overtaking/no_ove
rtaking_1_5.pdf): PDF inclusion: multiple pdfs with page group included in a si
ngle page
> <./figure/../figure/no_overtaking/no_overtaking_2.pdf

pdfTeX warning: /usr/bin/pdflatex (file ./figure/../figure/no_overtaking/no_ove
rtaking_2.pdf): PDF inclusion: multiple pdfs with page group included in a sing
le page
> <./figure/../figure/no_overtaking/no_overtaking_3.pdf

pdfTeX warning: /usr/bin/pdflatex (file ./figure/../figure/no_overtaking/no_ove
rtaking_3.pdf): PDF inclusion: multiple pdfs with page group included in a sing
le page
> <./figure/../figure/no_overtaking/no_overtaking_4.pdf

pdfTeX warning: /usr/bin/pdflatex (file ./figure/../figure/no_overtaking/no_ove
rtaking_4.pdf): PDF inclusion: multiple pdfs with page group included in a sing
le page
>]
<../../MATLAB/no_overtaking/figure/LongitudinalPositionVsTime.pdf, id=2056, 273
.02pt x 190.7125pt>
File: ../../MATLAB/no_overtaking/figure/LongitudinalPositionVsTime.pdf Graphic 
file (type pdf)

<use ../../MATLAB/no_overtaking/figure/LongitudinalPositionVsTime.pdf>
Package pdftex.def Info: ../../MATLAB/no_overtaking/figure/LongitudinalPosition
VsTime.pdf used on input line 412.
(pdftex.def)             Requested size: 213.39568pt x 149.0636pt.

<../../MATLAB/no_overtaking/figure/LateralPositionVsTime.pdf, id=2057, 273.02pt
 x 190.7125pt>
File: ../../MATLAB/no_overtaking/figure/LateralPositionVsTime.pdf Graphic file 
(type pdf)

<use ../../MATLAB/no_overtaking/figure/LateralPositionVsTime.pdf>
Package pdftex.def Info: ../../MATLAB/no_overtaking/figure/LateralPositionVsTim
e.pdf used on input line 416.
(pdftex.def)             Requested size: 213.39568pt x 149.0636pt.

<../../MATLAB/no_overtaking/figure/VelocityVsTime.pdf, id=2058, 273.02pt x 190.
7125pt>
File: ../../MATLAB/no_overtaking/figure/VelocityVsTime.pdf Graphic file (type p
df)
 <use ../../MATLAB/no_overtaking/figure/VelocityVsTime.pdf>
Package pdftex.def Info: ../../MATLAB/no_overtaking/figure/VelocityVsTime.pdf u
sed on input line 420.
(pdftex.def)             Requested size: 213.39568pt x 149.0636pt.

<../../MATLAB/no_overtaking/figure/ThrottleVsTime.pdf, id=2059, 273.02pt x 190.
7125pt>
File: ../../MATLAB/no_overtaking/figure/ThrottleVsTime.pdf Graphic file (type p
df)
 <use ../../MATLAB/no_overtaking/figure/ThrottleVsTime.pdf>
Package pdftex.def Info: ../../MATLAB/no_overtaking/figure/ThrottleVsTime.pdf u
sed on input line 424.
(pdftex.def)             Requested size: 213.39568pt x 149.0636pt.

<../../MATLAB/no_overtaking/figure/SteeringAngleVsTime.pdf, id=2060, 273.02pt x
 190.7125pt>
File: ../../MATLAB/no_overtaking/figure/SteeringAngleVsTime.pdf Graphic file (t
ype pdf)
 <use ../../MATLAB/no_overtaking/figure/SteeringAngleVsTime.pdf>
Package pdftex.def Info: ../../MATLAB/no_overtaking/figure/SteeringAngleVsTime.
pdf used on input line 428.
(pdftex.def)             Requested size: 213.39568pt x 149.0636pt.

<../../MATLAB/no_overtaking/figure/HeadingAngleVsTime.pdf, id=2061, 273.02pt x 
190.7125pt>
File: ../../MATLAB/no_overtaking/figure/HeadingAngleVsTime.pdf Graphic file (ty
pe pdf)
 <use ../../MATLAB/no_overtaking/figure/HeadingAngleVsTime.pdf>
Package pdftex.def Info: ../../MATLAB/no_overtaking/figure/HeadingAngleVsTime.p
df used on input line 432.
(pdftex.def)             Requested size: 213.39568pt x 149.0636pt.

Overfull \hbox (2.61047pt too wide) in paragraph at lines 411--435
[][] []
 []


Overfull \hbox (2.61047pt too wide) in paragraph at lines 411--435
[] []
 []


Overfull \hbox (2.61047pt too wide) in paragraph at lines 411--435
[] [] 
 []


<./figure/three_obstacles_no_overtaking/braking_0.pdf, id=2065, 355.59767pt x 4
4.15201pt>
File: ./figure/three_obstacles_no_overtaking/braking_0.pdf Graphic file (type p
df)
 <use ./figure/three_obstacles_no_overtaking/braking_0.pdf>
Package pdftex.def Info: ./figure/three_obstacles_no_overtaking/braking_0.pdf u
sed on input line 445.
(pdftex.def)             Requested size: 426.79137pt x 52.99155pt.

<./figure/three_obstacles_no_overtaking/braking_1.pdf, id=2066, 355.59767pt x 4
4.15201pt>
File: ./figure/three_obstacles_no_overtaking/braking_1.pdf Graphic file (type p
df)
 <use ./figure/three_obstacles_no_overtaking/braking_1.pdf>
Package pdftex.def Info: ./figure/three_obstacles_no_overtaking/braking_1.pdf u
sed on input line 448.
(pdftex.def)             Requested size: 426.79137pt x 52.99155pt.

<./figure/three_obstacles_no_overtaking/braking_2.pdf, id=2067, 355.5977pt x 44
.15201pt>
File: ./figure/three_obstacles_no_overtaking/braking_2.pdf Graphic file (type p
df)
 <use ./figure/three_obstacles_no_overtaking/braking_2.pdf>
Package pdftex.def Info: ./figure/three_obstacles_no_overtaking/braking_2.pdf u
sed on input line 451.
(pdftex.def)             Requested size: 426.79137pt x 52.99155pt.

<./figure/three_obstacles_no_overtaking/braking_3.pdf, id=2068, 355.5977pt x 44
.15201pt>
File: ./figure/three_obstacles_no_overtaking/braking_3.pdf Graphic file (type p
df)
 <use ./figure/three_obstacles_no_overtaking/braking_3.pdf>
Package pdftex.def Info: ./figure/three_obstacles_no_overtaking/braking_3.pdf u
sed on input line 454.
(pdftex.def)             Requested size: 426.79137pt x 52.99155pt.

<./figure/three_obstacles_no_overtaking/braking_4.pdf, id=2069, 355.59964pt x 4
4.15201pt>
File: ./figure/three_obstacles_no_overtaking/braking_4.pdf Graphic file (type p
df)
 <use ./figure/three_obstacles_no_overtaking/braking_4.pdf>
Package pdftex.def Info: ./figure/three_obstacles_no_overtaking/braking_4.pdf u
sed on input line 457.
(pdftex.def)             Requested size: 426.79137pt x 52.99155pt.

<./figure/three_obstacles_no_overtaking/braking_5.pdf, id=2070, 361.62021pt x 4
4.64273pt>
File: ./figure/three_obstacles_no_overtaking/braking_5.pdf Graphic file (type p
df)
 <use ./figure/three_obstacles_no_overtaking/braking_5.pdf>
Package pdftex.def Info: ./figure/three_obstacles_no_overtaking/braking_5.pdf u
sed on input line 460.
(pdftex.def)             Requested size: 426.79137pt x 52.69157pt.

<./figure/three_obstacles_no_overtaking/braking_6.pdf, id=2071, 361.62021pt x 5
9.04655pt>
File: ./figure/three_obstacles_no_overtaking/braking_6.pdf Graphic file (type p
df)
 <use ./figure/three_obstacles_no_overtaking/braking_6.pdf>
Package pdftex.def Info: ./figure/three_obstacles_no_overtaking/braking_6.pdf u
sed on input line 463.
(pdftex.def)             Requested size: 426.79137pt x 69.69234pt.
 [29 <../../MATLAB/no_overtaking/figure/LongitudinalPositionVsTime.pdf> <../../
MATLAB/no_overtaking/figure/LateralPositionVsTime.pdf> <../../MATLAB/no_overtak
ing/figure/VelocityVsTime.pdf> <../../MATLAB/no_overtaking/figure/ThrottleVsTim
e.pdf> <../../MATLAB/no_overtaking/figure/SteeringAngleVsTime.pdf> <../../MATLA
B/no_overtaking/figure/HeadingAngleVsTime.pdf>] [30 <./figure/three_obstacles_n
o_overtaking/braking_0.pdf> <./figure/three_obstacles_no_overtaking/braking_1.p
df

pdfTeX warning: /usr/bin/pdflatex (file ./figure/three_obstacles_no_overtaking/
braking_1.pdf): PDF inclusion: multiple pdfs with page group included in a sing
le page
> <./figure/three_obstacles_no_overtaking/braking_2.pdf

pdfTeX warning: /usr/bin/pdflatex (file ./figure/three_obstacles_no_overtaking/
braking_2.pdf): PDF inclusion: multiple pdfs with page group included in a sing
le page
> <./figure/three_obstacles_no_overtaking/braking_3.pdf

pdfTeX warning: /usr/bin/pdflatex (file ./figure/three_obstacles_no_overtaking/
braking_3.pdf): PDF inclusion: multiple pdfs with page group included in a sing
le page
> <./figure/three_obstacles_no_overtaking/braking_4.pdf

pdfTeX warning: /usr/bin/pdflatex (file ./figure/three_obstacles_no_overtaking/
braking_4.pdf): PDF inclusion: multiple pdfs with page group included in a sing
le page
> <./figure/three_obstacles_no_overtaking/braking_5.pdf

pdfTeX warning: /usr/bin/pdflatex (file ./figure/three_obstacles_no_overtaking/
braking_5.pdf): PDF inclusion: multiple pdfs with page group included in a sing
le page
> <./figure/three_obstacles_no_overtaking/braking_6.pdf

pdfTeX warning: /usr/bin/pdflatex (file ./figure/three_obstacles_no_overtaking/
braking_6.pdf): PDF inclusion: multiple pdfs with page group included in a sing
le page
>]
<./figure/three_obstacles_no_overtaking/LongitudinalPositionVsTime.pdf, id=2396
, 273.02pt x 190.7125pt>
File: ./figure/three_obstacles_no_overtaking/LongitudinalPositionVsTime.pdf Gra
phic file (type pdf)

<use ./figure/three_obstacles_no_overtaking/LongitudinalPositionVsTime.pdf>
Package pdftex.def Info: ./figure/three_obstacles_no_overtaking/LongitudinalPos
itionVsTime.pdf used on input line 475.
(pdftex.def)             Requested size: 213.39568pt x 149.0636pt.

<./figure/three_obstacles_no_overtaking/LateralPositionVsTime.pdf, id=2397, 273
.02pt x 190.7125pt>
File: ./figure/three_obstacles_no_overtaking/LateralPositionVsTime.pdf Graphic 
file (type pdf)

<use ./figure/three_obstacles_no_overtaking/LateralPositionVsTime.pdf>
Package pdftex.def Info: ./figure/three_obstacles_no_overtaking/LateralPosition
VsTime.pdf used on input line 479.
(pdftex.def)             Requested size: 213.39568pt x 149.0636pt.

<./figure/three_obstacles_no_overtaking/VelocityVsTime.pdf, id=2398, 273.02pt x
 190.7125pt>
File: ./figure/three_obstacles_no_overtaking/VelocityVsTime.pdf Graphic file (t
ype pdf)
 <use ./figure/three_obstacles_no_overtaking/VelocityVsTime.pdf>
Package pdftex.def Info: ./figure/three_obstacles_no_overtaking/VelocityVsTime.
pdf used on input line 483.
(pdftex.def)             Requested size: 213.39568pt x 149.0636pt.

<./figure/three_obstacles_no_overtaking/ThrottleVsTime.pdf, id=2399, 273.02pt x
 190.7125pt>
File: ./figure/three_obstacles_no_overtaking/ThrottleVsTime.pdf Graphic file (t
ype pdf)
 <use ./figure/three_obstacles_no_overtaking/ThrottleVsTime.pdf>
Package pdftex.def Info: ./figure/three_obstacles_no_overtaking/ThrottleVsTime.
pdf used on input line 487.
(pdftex.def)             Requested size: 213.39568pt x 149.0636pt.

<./figure/three_obstacles_no_overtaking/SteeringAngleVsTime.pdf, id=2400, 273.0
2pt x 190.7125pt>
File: ./figure/three_obstacles_no_overtaking/SteeringAngleVsTime.pdf Graphic fi
le (type pdf)

<use ./figure/three_obstacles_no_overtaking/SteeringAngleVsTime.pdf>
Package pdftex.def Info: ./figure/three_obstacles_no_overtaking/SteeringAngleVs
Time.pdf used on input line 491.
(pdftex.def)             Requested size: 213.39568pt x 149.0636pt.

<./figure/three_obstacles_no_overtaking/HeadingAngleVsTime.pdf, id=2401, 273.02
pt x 190.7125pt>
File: ./figure/three_obstacles_no_overtaking/HeadingAngleVsTime.pdf Graphic fil
e (type pdf)

<use ./figure/three_obstacles_no_overtaking/HeadingAngleVsTime.pdf>
Package pdftex.def Info: ./figure/three_obstacles_no_overtaking/HeadingAngleVsT
ime.pdf used on input line 495.
(pdftex.def)             Requested size: 213.39568pt x 149.0636pt.

Overfull \hbox (2.61047pt too wide) in paragraph at lines 474--498
[][] []
 []


Overfull \hbox (2.61047pt too wide) in paragraph at lines 474--498
[] []
 []


Overfull \hbox (2.61047pt too wide) in paragraph at lines 474--498
[] [] 
 []

) [31 <./figure/three_obstacles_no_overtaking/LongitudinalPositionVsTime.pdf> <
./figure/three_obstacles_no_overtaking/LateralPositionVsTime.pdf> <./figure/thr
ee_obstacles_no_overtaking/VelocityVsTime.pdf> <./figure/three_obstacles_no_ove
rtaking/ThrottleVsTime.pdf> <./figure/three_obstacles_no_overtaking/SteeringAng
leVsTime.pdf> <./figure/three_obstacles_no_overtaking/HeadingAngleVsTime.pdf>]
[32


]
\openout2 = `./Chapter5/Chapter5.aux'.

 (./Chapter5/Chapter5.tex
Chapter 5.

<./figure/../figure/laneFollowing/laneFollowing.pdf, id=2703, 210.9501pt x 162.
5804pt>
File: ./figure/../figure/laneFollowing/laneFollowing.pdf Graphic file (type pdf
)
 <use ./figure/../figure/laneFollowing/laneFollowing.pdf>
Package pdftex.def Info: ./figure/../figure/laneFollowing/laneFollowing.pdf use
d on input line 7.
(pdftex.def)             Requested size: 320.09352pt x 246.71046pt.
 [33


 <./figure/../figure/laneFollowing/laneFollowing.pdf>] [34] [35] [36]
<./figure/../figure/lane_following_AMPC.pdf, id=2769, 774.39772pt x 268.72177pt
>
File: ./figure/../figure/lane_following_AMPC.pdf Graphic file (type pdf)
 <use ./figure/../figure/lane_following_AMPC.pdf>
Package pdftex.def Info: ./figure/../figure/lane_following_AMPC.pdf used on inp
ut line 261.
(pdftex.def)             Requested size: 426.79137pt x 148.10085pt.
 [37 <./figure/../figure/lane_following_AMPC.pdf>]
<./figure/../figure/lane_following_AMPC_vehicle_dynamics.pdf, id=2909, 715.5874
3pt x 465.76385pt>
File: ./figure/../figure/lane_following_AMPC_vehicle_dynamics.pdf Graphic file 
(type pdf)

<use ./figure/../figure/lane_following_AMPC_vehicle_dynamics.pdf>
Package pdftex.def Info: ./figure/../figure/lane_following_AMPC_vehicle_dynamic
s.pdf used on input line 280.
(pdftex.def)             Requested size: 426.79137pt x 277.79742pt.
 [38 <./figure/../figure/lane_following_AMPC_vehicle_dynamics.pdf>]
<./figure/../figure/lane_following_AMPC_sensor_dynamics.pdf, id=2918, 672.57518
pt x 286.61017pt>
File: ./figure/../figure/lane_following_AMPC_sensor_dynamics.pdf Graphic file (
type pdf)

<use ./figure/../figure/lane_following_AMPC_sensor_dynamics.pdf>
Package pdftex.def Info: ./figure/../figure/lane_following_AMPC_sensor_dynamics
.pdf used on input line 306.
(pdftex.def)             Requested size: 426.79137pt x 181.87297pt.
 [39 <./figure/../figure/lane_following_AMPC_sensor_dynamics.pdf>]
<../../MATLAB/lane_following_curve/figure/Reference_curve.pdf, id=2943, 273.02p
t x 190.7125pt>
File: ../../MATLAB/lane_following_curve/figure/Reference_curve.pdf Graphic file
 (type pdf)

<use ../../MATLAB/lane_following_curve/figure/Reference_curve.pdf>
Package pdftex.def Info: ../../MATLAB/lane_following_curve/figure/Reference_cur
ve.pdf used on input line 362.
(pdftex.def)             Requested size: 213.39568pt x 149.0636pt.

<../../MATLAB/lane_following_curve/figure/Curvature_curve.pdf, id=2944, 273.02p
t x 190.7125pt>
File: ../../MATLAB/lane_following_curve/figure/Curvature_curve.pdf Graphic file
 (type pdf)

<use ../../MATLAB/lane_following_curve/figure/Curvature_curve.pdf>
Package pdftex.def Info: ../../MATLAB/lane_following_curve/figure/Curvature_cur
ve.pdf used on input line 367.
(pdftex.def)             Requested size: 213.39568pt x 149.0636pt.

Overfull \hbox (2.61047pt too wide) in paragraph at lines 361--371
[][] [] 
 []


<../../MATLAB/lane_following_curve/figure/LongitudinalVelocityVsTime_curve.pdf,
 id=2949, 273.02pt x 190.7125pt>
File: ../../MATLAB/lane_following_curve/figure/LongitudinalVelocityVsTime_curve
.pdf Graphic file (type pdf)

<use ../../MATLAB/lane_following_curve/figure/LongitudinalVelocityVsTime_curve.
pdf>
Package pdftex.def Info: ../../MATLAB/lane_following_curve/figure/LongitudinalV
elocityVsTime_curve.pdf used on input line 378.
(pdftex.def)             Requested size: 213.39568pt x 149.0636pt.

<../../MATLAB/lane_following_curve/figure/LateralVelocityVsTime_curve.pdf, id=2
950, 273.02pt x 190.7125pt>
File: ../../MATLAB/lane_following_curve/figure/LateralVelocityVsTime_curve.pdf 
Graphic file (type pdf)

<use ../../MATLAB/lane_following_curve/figure/LateralVelocityVsTime_curve.pdf>
Package pdftex.def Info: ../../MATLAB/lane_following_curve/figure/LateralVeloci
tyVsTime_curve.pdf used on input line 383.
(pdftex.def)             Requested size: 213.39568pt x 149.0636pt.

<../../MATLAB/lane_following_curve/figure/AccelerationVsTime_curve.pdf, id=2951
, 273.02pt x 190.7125pt>
File: ../../MATLAB/lane_following_curve/figure/AccelerationVsTime_curve.pdf Gra
phic file (type pdf)

<use ../../MATLAB/lane_following_curve/figure/AccelerationVsTime_curve.pdf>
Package pdftex.def Info: ../../MATLAB/lane_following_curve/figure/AccelerationV
sTime_curve.pdf used on input line 388.
(pdftex.def)             Requested size: 213.39568pt x 149.0636pt.

<../../MATLAB/lane_following_curve/figure/SteeringAngleVsTime_curve.pdf, id=295
2, 273.02pt x 190.7125pt>
File: ../../MATLAB/lane_following_curve/figure/SteeringAngleVsTime_curve.pdf Gr
aphic file (type pdf)

<use ../../MATLAB/lane_following_curve/figure/SteeringAngleVsTime_curve.pdf>
Package pdftex.def Info: ../../MATLAB/lane_following_curve/figure/SteeringAngle
VsTime_curve.pdf used on input line 393.
(pdftex.def)             Requested size: 213.39568pt x 149.0636pt.

<../../MATLAB/lane_following_curve/figure/RelativeYawAngleVsTime_curve.pdf, id=
2953, 273.02pt x 190.7125pt>
File: ../../MATLAB/lane_following_curve/figure/RelativeYawAngleVsTime_curve.pdf
 Graphic file (type pdf)

<use ../../MATLAB/lane_following_curve/figure/RelativeYawAngleVsTime_curve.pdf>
Package pdftex.def Info: ../../MATLAB/lane_following_curve/figure/RelativeYawAn
gleVsTime_curve.pdf used on input line 398.
(pdftex.def)             Requested size: 213.39568pt x 149.0636pt.

<../../MATLAB/lane_following_curve/figure/LateralDeviationVsTime_curve.pdf, id=
2954, 273.02pt x 189.70876pt>
File: ../../MATLAB/lane_following_curve/figure/LateralDeviationVsTime_curve.pdf
 Graphic file (type pdf)

<use ../../MATLAB/lane_following_curve/figure/LateralDeviationVsTime_curve.pdf>
Package pdftex.def Info: ../../MATLAB/lane_following_curve/figure/LateralDeviat
ionVsTime_curve.pdf used on input line 403.
(pdftex.def)             Requested size: 213.39568pt x 148.27907pt.

Overfull \hbox (2.61047pt too wide) in paragraph at lines 377--408
[][] []
 []


Overfull \hbox (2.61047pt too wide) in paragraph at lines 377--408
[] []
 []


Overfull \hbox (2.61047pt too wide) in paragraph at lines 377--408
[] [] 
 []


LaTeX Warning: `!h' float specifier changed to `!ht'.

[40 <../../MATLAB/lane_following_curve/figure/Reference_curve.pdf> <../../MATLA
B/lane_following_curve/figure/Curvature_curve.pdf>] [41 <../../MATLAB/lane_foll
owing_curve/figure/LongitudinalVelocityVsTime_curve.pdf> <../../MATLAB/lane_fol
lowing_curve/figure/LateralVelocityVsTime_curve.pdf> <../../MATLAB/lane_followi
ng_curve/figure/AccelerationVsTime_curve.pdf> <../../MATLAB/lane_following_curv
e/figure/SteeringAngleVsTime_curve.pdf> <../../MATLAB/lane_following_curve/figu
re/RelativeYawAngleVsTime_curve.pdf> <../../MATLAB/lane_following_curve/figure/
LateralDeviationVsTime_curve.pdf>]
<../../MATLAB/lane_following/figure/Reference.pdf, id=3378, 273.02pt x 190.7125
pt>
File: ../../MATLAB/lane_following/figure/Reference.pdf Graphic file (type pdf)
 <use ../../MATLAB/lane_following/figure/Reference.pdf>
Package pdftex.def Info: ../../MATLAB/lane_following/figure/Reference.pdf used 
on input line 424.
(pdftex.def)             Requested size: 213.39568pt x 149.0636pt.

<../../MATLAB/lane_following/figure/Curvature.pdf, id=3379, 273.02pt x 190.7125
pt>
File: ../../MATLAB/lane_following/figure/Curvature.pdf Graphic file (type pdf)
 <use ../../MATLAB/lane_following/figure/Curvature.pdf>
Package pdftex.def Info: ../../MATLAB/lane_following/figure/Curvature.pdf used 
on input line 429.
(pdftex.def)             Requested size: 213.39568pt x 149.0636pt.

Overfull \hbox (2.61047pt too wide) in paragraph at lines 423--433
[][] [] 
 []

[42 <../../MATLAB/lane_following/figure/Reference.pdf> <../../MATLAB/lane_follo
wing/figure/Curvature.pdf>]
<../../MATLAB/lane_following/figure/LongitudinalVelocityVsTime.pdf, id=3478, 27
3.02pt x 190.7125pt>
File: ../../MATLAB/lane_following/figure/LongitudinalVelocityVsTime.pdf Graphic
 file (type pdf)

<use ../../MATLAB/lane_following/figure/LongitudinalVelocityVsTime.pdf>
Package pdftex.def Info: ../../MATLAB/lane_following/figure/LongitudinalVelocit
yVsTime.pdf used on input line 443.
(pdftex.def)             Requested size: 213.39568pt x 149.0636pt.

<../../MATLAB/lane_following/figure/LateralVelocityVsTime.pdf, id=3479, 273.02p
t x 190.7125pt>
File: ../../MATLAB/lane_following/figure/LateralVelocityVsTime.pdf Graphic file
 (type pdf)

<use ../../MATLAB/lane_following/figure/LateralVelocityVsTime.pdf>
Package pdftex.def Info: ../../MATLAB/lane_following/figure/LateralVelocityVsTi
me.pdf used on input line 448.
(pdftex.def)             Requested size: 213.39568pt x 149.0636pt.

<../../MATLAB/lane_following/figure/AccelerationVsTime.pdf, id=3480, 273.02pt x
 190.7125pt>
File: ../../MATLAB/lane_following/figure/AccelerationVsTime.pdf Graphic file (t
ype pdf)
 <use ../../MATLAB/lane_following/figure/AccelerationVsTime.pdf>
Package pdftex.def Info: ../../MATLAB/lane_following/figure/AccelerationVsTime.
pdf used on input line 453.
(pdftex.def)             Requested size: 209.13011pt x 146.08372pt.

<../../MATLAB/lane_following/figure/SteeringAngleVsTime.pdf, id=3481, 273.02pt 
x 190.7125pt>
File: ../../MATLAB/lane_following/figure/SteeringAngleVsTime.pdf Graphic file (
type pdf)
 <use ../../MATLAB/lane_following/figure/SteeringAngleVsTime.pdf>
Package pdftex.def Info: ../../MATLAB/lane_following/figure/SteeringAngleVsTime
.pdf used on input line 458.
(pdftex.def)             Requested size: 209.13011pt x 146.08372pt.

<../../MATLAB/lane_following/figure/RelativeYawAngleVsTime.pdf, id=3482, 273.02
pt x 190.7125pt>
File: ../../MATLAB/lane_following/figure/RelativeYawAngleVsTime.pdf Graphic fil
e (type pdf)

<use ../../MATLAB/lane_following/figure/RelativeYawAngleVsTime.pdf>
Package pdftex.def Info: ../../MATLAB/lane_following/figure/RelativeYawAngleVsT
ime.pdf used on input line 463.
(pdftex.def)             Requested size: 209.13011pt x 146.08372pt.

<../../MATLAB/lane_following/figure/LateralDeviationVsTime.pdf, id=3483, 273.02
pt x 190.7125pt>
File: ../../MATLAB/lane_following/figure/LateralDeviationVsTime.pdf Graphic fil
e (type pdf)

<use ../../MATLAB/lane_following/figure/LateralDeviationVsTime.pdf>
Package pdftex.def Info: ../../MATLAB/lane_following/figure/LateralDeviationVsT
ime.pdf used on input line 468.
(pdftex.def)             Requested size: 209.13011pt x 146.08372pt.

Overfull \hbox (2.61047pt too wide) in paragraph at lines 442--472
[][] []
 []


Underfull \hbox (badness 1308) in paragraph at lines 442--472
[] []
 []

[43 <../../MATLAB/lane_following/figure/LongitudinalVelocityVsTime.pdf> <../../
MATLAB/lane_following/figure/LateralVelocityVsTime.pdf> <../../MATLAB/lane_foll
owing/figure/AccelerationVsTime.pdf> <../../MATLAB/lane_following/figure/Steeri
ngAngleVsTime.pdf> <../../MATLAB/lane_following/figure/RelativeYawAngleVsTime.p
df> <../../MATLAB/lane_following/figure/LateralDeviationVsTime.pdf>]
<../../MATLAB/lane_following_circular_path/figure/Reference_circular.pdf, id=37
98, 273.02pt x 190.7125pt>
File: ../../MATLAB/lane_following_circular_path/figure/Reference_circular.pdf G
raphic file (type pdf)

<use ../../MATLAB/lane_following_circular_path/figure/Reference_circular.pdf>
Package pdftex.def Info: ../../MATLAB/lane_following_circular_path/figure/Refer
ence_circular.pdf used on input line 488.
(pdftex.def)             Requested size: 213.39568pt x 149.0636pt.

<../../MATLAB/lane_following_circular_path/figure/Curvature_circular.pdf, id=37
99, 273.02pt x 190.7125pt>
File: ../../MATLAB/lane_following_circular_path/figure/Curvature_circular.pdf G
raphic file (type pdf)

<use ../../MATLAB/lane_following_circular_path/figure/Curvature_circular.pdf>
Package pdftex.def Info: ../../MATLAB/lane_following_circular_path/figure/Curva
ture_circular.pdf used on input line 493.
(pdftex.def)             Requested size: 213.39568pt x 149.0636pt.

Overfull \hbox (2.61047pt too wide) in paragraph at lines 487--497
[][] [] 
 []


<../../MATLAB/lane_following_circular_path/figure/LongitudinalVelocityVsTime_ci
rcular.pdf, id=3806, 273.02pt x 190.7125pt>
File: ../../MATLAB/lane_following_circular_path/figure/LongitudinalVelocityVsTi
me_circular.pdf Graphic file (type pdf)

<use ../../MATLAB/lane_following_circular_path/figure/LongitudinalVelocityVsTim
e_circular.pdf>
Package pdftex.def Info: ../../MATLAB/lane_following_circular_path/figure/Longi
tudinalVelocityVsTime_circular.pdf used on input line 511.
(pdftex.def)             Requested size: 213.39568pt x 149.0636pt.

<../../MATLAB/lane_following_circular_path/figure/LateralVelocityVsTime_circula
r.pdf, id=3807, 273.02pt x 190.7125pt>
File: ../../MATLAB/lane_following_circular_path/figure/LateralVelocityVsTime_ci
rcular.pdf Graphic file (type pdf)

<use ../../MATLAB/lane_following_circular_path/figure/LateralVelocityVsTime_cir
cular.pdf>
Package pdftex.def Info: ../../MATLAB/lane_following_circular_path/figure/Later
alVelocityVsTime_circular.pdf used on input line 516.
(pdftex.def)             Requested size: 213.39568pt x 149.0636pt.

<../../MATLAB/lane_following_circular_path/figure/AccelerationVsTime_circular.p
df, id=3808, 273.02pt x 190.7125pt>
File: ../../MATLAB/lane_following_circular_path/figure/AccelerationVsTime_circu
lar.pdf Graphic file (type pdf)

<use ../../MATLAB/lane_following_circular_path/figure/AccelerationVsTime_circul
ar.pdf>
Package pdftex.def Info: ../../MATLAB/lane_following_circular_path/figure/Accel
erationVsTime_circular.pdf used on input line 521.
(pdftex.def)             Requested size: 213.39568pt x 149.0636pt.

<../../MATLAB/lane_following_circular_path/figure/SteeringAngleVsTime_circular.
pdf, id=3809, 273.02pt x 190.7125pt>
File: ../../MATLAB/lane_following_circular_path/figure/SteeringAngleVsTime_circ
ular.pdf Graphic file (type pdf)

<use ../../MATLAB/lane_following_circular_path/figure/SteeringAngleVsTime_circu
lar.pdf>
Package pdftex.def Info: ../../MATLAB/lane_following_circular_path/figure/Steer
ingAngleVsTime_circular.pdf used on input line 526.
(pdftex.def)             Requested size: 213.39568pt x 149.0636pt.

<../../MATLAB/lane_following_circular_path/figure/RelativeYawAngleVsTime_circul
ar.pdf, id=3810, 273.02pt x 190.7125pt>
File: ../../MATLAB/lane_following_circular_path/figure/RelativeYawAngleVsTime_c
ircular.pdf Graphic file (type pdf)

<use ../../MATLAB/lane_following_circular_path/figure/RelativeYawAngleVsTime_ci
rcular.pdf>
Package pdftex.def Info: ../../MATLAB/lane_following_circular_path/figure/Relat
iveYawAngleVsTime_circular.pdf used on input line 531.
(pdftex.def)             Requested size: 213.39568pt x 149.0636pt.

<../../MATLAB/lane_following_circular_path/figure/LateralDeviationVsTime_circul
ar.pdf, id=3811, 273.02pt x 190.7125pt>
File: ../../MATLAB/lane_following_circular_path/figure/LateralDeviationVsTime_c
ircular.pdf Graphic file (type pdf)

<use ../../MATLAB/lane_following_circular_path/figure/LateralDeviationVsTime_ci
rcular.pdf>
Package pdftex.def Info: ../../MATLAB/lane_following_circular_path/figure/Later
alDeviationVsTime_circular.pdf used on input line 536.
(pdftex.def)             Requested size: 213.39568pt x 149.0636pt.

Overfull \hbox (2.61047pt too wide) in paragraph at lines 510--540
[][] []
 []


Overfull \hbox (2.61047pt too wide) in paragraph at lines 510--540
[] []
 []


Overfull \hbox (2.61047pt too wide) in paragraph at lines 510--540
[] [] 
 []


LaTeX Warning: `!h' float specifier changed to `!ht'.

) [44 <../../MATLAB/lane_following_circular_path/figure/Reference_circular.pdf>
 <../../MATLAB/lane_following_circular_path/figure/Curvature_circular.pdf>]
[45 <../../MATLAB/lane_following_circular_path/figure/LongitudinalVelocityVsTim
e_circular.pdf> <../../MATLAB/lane_following_circular_path/figure/LateralVeloci
tyVsTime_circular.pdf> <../../MATLAB/lane_following_circular_path/figure/Accele
rationVsTime_circular.pdf> <../../MATLAB/lane_following_circular_path/figure/St
eeringAngleVsTime_circular.pdf> <../../MATLAB/lane_following_circular_path/figu
re/RelativeYawAngleVsTime_circular.pdf> <../../MATLAB/lane_following_circular_p
ath/figure/LateralDeviationVsTime_circular.pdf>] [46


]
\openout2 = `./Chapter6/Chapter6.aux'.


No file ./Chapter6/Chapter6.tex.
\openout2 = `./Conclusions/Conclusions.aux'.

(./Conclusions/Conclusions.tex
Chapter 6.
) [47





] [48


] (./Thesis.bbl [49

] [50] [51]) [52]
Package atveryend Info: Empty hook `BeforeClearDocument' on input line 155.
Package atveryend Info: Empty hook `AfterLastShipout' on input line 155.
 (./Thesis.aux
(./Acknowledgements/Acknowledgements.aux) (./Abstract/Abstract.aux)
(./Introduction/Introduction.aux) (./Chapter2/Chapter2.aux)
(./Chapter3/Chapter3.aux) (./Chapter4/Chapter4.aux) (./Chapter5/Chapter5.aux)
(./Chapter6/Chapter6.aux) (./Conclusions/Conclusions.aux))
Package atveryend Info: Executing hook `AtVeryEndDocument' on input line 155.
Package atveryend Info: Executing hook `AtEndAfterFileList' on input line 155.
Package rerunfilecheck Info: File `Thesis.out' has not changed.
(rerunfilecheck)             Checksum: 62F82083B784751DE7599CC84325231B;3271.
Package atveryend Info: Empty hook `AtVeryVeryEnd' on input line 155.
 ) 
Here is how much of TeX's memory you used:
 22399 strings out of 493029
 420055 string characters out of 6136233
 470754 words of memory out of 5000000
 25244 multiletter control sequences out of 15000+600000
 42033 words of font info for 112 fonts, out of 8000000 for 9000
 1141 hyphenation exceptions out of 8191
 40i,19n,52p,10377b,884s stack positions out of 5000i,500n,10000p,200000b,80000s
{/usr/share/texmf/fonts/enc/dvips/cm-super/cm-super-t1.enc}{/usr/share/texmf/
fonts/enc/dvips/cm-super/cm-super-ts1.enc}</usr/share/texlive/texmf-dist/fonts/
type1/public/amsfonts/cm/cmbx12.pfb></usr/share/texlive/texmf-dist/fonts/type1/
public/amsfonts/cm/cmbxti10.pfb></usr/share/texlive/texmf-dist/fonts/type1/publ
ic/amsfonts/cm/cmex10.pfb></usr/share/texlive/texmf-dist/fonts/type1/public/ams
fonts/cm/cmmi10.pfb></usr/share/texlive/texmf-dist/fonts/type1/public/amsfonts/
cm/cmmi12.pfb></usr/share/texlive/texmf-dist/fonts/type1/public/amsfonts/cm/cmm
i5.pfb></usr/share/texlive/texmf-dist/fonts/type1/public/amsfonts/cm/cmmi6.pfb>
</usr/share/texlive/texmf-dist/fonts/type1/public/amsfonts/cm/cmmi7.pfb></usr/s
hare/texlive/texmf-dist/fonts/type1/public/amsfonts/cm/cmmi8.pfb></usr/share/te
xlive/texmf-dist/fonts/type1/public/amsfonts/cm/cmr10.pfb></usr/share/texlive/t
exmf-dist/fonts/type1/public/amsfonts/cm/cmr12.pfb></usr/share/texlive/texmf-di
st/fonts/type1/public/amsfonts/cm/cmr5.pfb></usr/share/texlive/texmf-dist/fonts
/type1/public/amsfonts/cm/cmr6.pfb></usr/share/texlive/texmf-dist/fonts/type1/p
ublic/amsfonts/cm/cmr7.pfb></usr/share/texlive/texmf-dist/fonts/type1/public/am
sfonts/cm/cmr8.pfb></usr/share/texlive/texmf-dist/fonts/type1/public/amsfonts/c
m/cmss9.pfb></usr/share/texlive/texmf-dist/fonts/type1/public/amsfonts/cm/cmsy1
0.pfb></usr/share/texlive/texmf-dist/fonts/type1/public/amsfonts/cm/cmsy7.pfb><
/usr/share/texlive/texmf-dist/fonts/type1/public/amsfonts/cm/cmsy8.pfb></usr/sh
are/texlive/texmf-dist/fonts/type1/public/amsfonts/symbols/msam10.pfb></usr/sha
re/texlive/texmf-dist/fonts/type1/public/amsfonts/symbols/msbm10.pfb></usr/shar
e/texmf/fonts/type1/public/tex-gyre/qhvr.pfb></usr/share/texmf/fonts/type1/publ
ic/cm-super/sfbi1728.pfb></usr/share/texmf/fonts/type1/public/cm-super/sfbi2488
.pfb></usr/share/texmf/fonts/type1/public/cm-super/sfbx0800.pfb></usr/share/tex
mf/fonts/type1/public/cm-super/sfbx1095.pfb></usr/share/texmf/fonts/type1/publi
c/cm-super/sfbx1200.pfb></usr/share/texmf/fonts/type1/public/cm-super/sfbx1440.
pfb></usr/share/texmf/fonts/type1/public/cm-super/sfbx1728.pfb></usr/share/texm
f/fonts/type1/public/cm-super/sfbx2074.pfb></usr/share/texmf/fonts/type1/public
/cm-super/sfbx2488.pfb></usr/share/texmf/fonts/type1/public/cm-super/sfcc1095.p
fb></usr/share/texmf/fonts/type1/public/cm-super/sfrm0800.pfb></usr/share/texmf
/fonts/type1/public/cm-super/sfrm1000.pfb></usr/share/texmf/fonts/type1/public/
cm-super/sfrm1095.pfb></usr/share/texmf/fonts/type1/public/cm-super/sfrm1200.pf
b></usr/share/texmf/fonts/type1/public/cm-super/sfrm1440.pfb></usr/share/texmf/
fonts/type1/public/cm-super/sfti1095.pfb></usr/share/texmf/fonts/type1/public/c
m-super/sfti1200.pfb></usr/share/texmf/fonts/type1/public/cm-super/sfti1440.pfb
>
Output written on Thesis.pdf (64 pages, 6125308 bytes).
PDF statistics:
 4408 PDF objects out of 5155 (max. 8388607)
 3992 compressed objects within 40 object streams
 235 named destinations out of 1000 (max. 500000)
 847 words of extra memory for PDF output out of 10000 (max. 10000000)

