\BOOKMARK [0][-]{Dedication.0}{Dedication}{}% 1
\BOOKMARK [0][-]{Contents.0}{Contents}{}% 2
\BOOKMARK [0][-]{chapter.1}{Introduction}{}% 3
\BOOKMARK [1][-]{section.1.1}{ATLAS\040Project}{chapter.1}% 4
\BOOKMARK [2][-]{subsection.1.1.1}{ATLAS\040platforms}{section.1.1}% 5
\BOOKMARK [2][-]{subsection.1.1.2}{ATLASCAR}{section.1.1}% 6
\BOOKMARK [2][-]{subsection.1.1.3}{ATLASCAR2}{section.1.1}% 7
\BOOKMARK [1][-]{section.1.2}{Autonomous\040Cars}{chapter.1}% 8
\BOOKMARK [1][-]{section.1.3}{Context\040of\040the\040Problem\040and\040Proposed\040Approach}{chapter.1}% 9
\BOOKMARK [1][-]{section.1.4}{Thesis\040Outline}{chapter.1}% 10
\BOOKMARK [0][-]{chapter.2}{Literature\040Review}{}% 11
\BOOKMARK [1][-]{section.2.1}{Global\040Path\040Searching\040Method}{chapter.2}% 12
\BOOKMARK [2][-]{subsection.2.1.1}{The\040A*\040Algorithm}{section.2.1}% 13
\BOOKMARK [2][-]{subsection.2.1.2}{The\040D*\040Algorithm}{section.2.1}% 14
\BOOKMARK [1][-]{section.2.2}{Local\040Motion\040Control}{chapter.2}% 15
\BOOKMARK [2][-]{subsection.2.2.1}{Potential\040Field\040Method}{section.2.2}% 16
\BOOKMARK [2][-]{subsection.2.2.2}{Curvature\040Velocity\040Method}{section.2.2}% 17
\BOOKMARK [2][-]{subsection.2.2.3}{Dynamic\040Window\040method}{section.2.2}% 18
\BOOKMARK [1][-]{section.2.3}{MPC\040in\040Autonomous\040Driving}{chapter.2}% 19
\BOOKMARK [0][-]{chapter.3}{Model\040Predictive\040Control}{}% 20
\BOOKMARK [1][-]{section.3.1}{Generic\040Model\040Predictive\040Control\040problem}{chapter.3}% 21
\BOOKMARK [2][-]{subsection.3.1.1}{Tuning\040Parameters}{section.3.1}% 22
\BOOKMARK [2][-]{subsection.3.1.2}{Stability\040of\040MPC\040controller}{section.3.1}% 23
\BOOKMARK [2][-]{subsection.3.1.3}{Robustness}{section.3.1}% 24
\BOOKMARK [1][-]{section.3.2}{Adaptive\040Model\040Predictive\040Control}{chapter.3}% 25
\BOOKMARK [0][-]{chapter.4}{Moving\040Obstacle\040Avoidance\040System}{}% 26
\BOOKMARK [1][-]{section.4.1}{Problem\040Formulation}{chapter.4}% 27
\BOOKMARK [2][-]{subsection.4.1.1}{Car-like\040Model}{section.4.1}% 28
\BOOKMARK [1][-]{section.4.2}{Design\040of\040Adaptive\040Model\040Predictive\040Control}{chapter.4}% 29
\BOOKMARK [1][-]{section.4.3}{Simulation\040Results}{chapter.4}% 30
\BOOKMARK [2][-]{subsection.4.3.1}{One\040Moving\040Obstacle\040-\040Right\040Overtaking}{section.4.3}% 31
\BOOKMARK [2][-]{subsection.4.3.2}{Multiple\040Moving\040Obstacles}{section.4.3}% 32
\BOOKMARK [2][-]{subsection.4.3.3}{No\040Overtaking}{section.4.3}% 33
\BOOKMARK [2][-]{subsection.4.3.4}{Vehicle\040Braking\040and\040Obstacles\040Overtaking}{section.4.3}% 34
\BOOKMARK [0][-]{chapter.5}{Lane\040Following\040System}{}% 35
\BOOKMARK [1][-]{section.5.1}{Problem\040Formulation}{chapter.5}% 36
\BOOKMARK [2][-]{subsection.5.1.1}{Longitudinal\040Dynamics}{section.5.1}% 37
\BOOKMARK [2][-]{subsection.5.1.2}{Lateral\040Dynamics}{section.5.1}% 38
\BOOKMARK [2][-]{subsection.5.1.3}{Augmented\040Model\040for\040Lateral\040Dynamics}{section.5.1}% 39
\BOOKMARK [2][-]{subsection.5.1.4}{Overall\040Model\040Dynamics}{section.5.1}% 40
\BOOKMARK [1][-]{section.5.2}{Design\040of\040Adaptive\040Model\040Predictive\040Control}{chapter.5}% 41
\BOOKMARK [1][-]{section.5.3}{Simulation\040Results}{chapter.5}% 42
\BOOKMARK [2][-]{subsection.5.3.1}{Double\040Lane\040Change\040Path}{section.5.3}% 43
\BOOKMARK [2][-]{subsection.5.3.2}{Sinusoidal\040Path}{section.5.3}% 44
\BOOKMARK [2][-]{subsection.5.3.3}{Circular/Elliptic\040Path}{section.5.3}% 45
\BOOKMARK [0][-]{chapter.6}{Conclusions\040and\040Future\040Work}{}% 46
\BOOKMARK [0][-]{chapter*.38}{References}{}% 47
