This is pdfTeX, Version 3.14159265-2.6-1.40.16 (TeX Live 2015/Debian) (preloaded format=pdflatex 2018.10.14)  4 FEB 2019 17:26
entering extended mode
 restricted \write18 enabled.
 %&-line parsing enabled.
**PaperFinalVersion.tex
(./PaperFinalVersion.tex
LaTeX2e <2016/02/01>
Babel <3.9q> and hyphenation patterns for 81 language(s) loaded.
(/usr/share/texlive/texmf-dist/tex/latex/IEEEtran/IEEEtran.cls
Document Class: IEEEtran 2015/08/26 V1.8b by Michael Shell
-- See the "IEEEtran_HOWTO" manual for usage information.
-- http://www.michaelshell.org/tex/ieeetran/
\@IEEEtrantmpdimenA=\dimen102
\@IEEEtrantmpdimenB=\dimen103
\@IEEEtrantmpdimenC=\dimen104
\@IEEEtrantmpcountA=\count79
\@IEEEtrantmpcountB=\count80
\@IEEEtrantmpcountC=\count81
\@IEEEtrantmptoksA=\toks14
LaTeX Font Info:    Try loading font information for OT1+ptm on input line 503.

(/usr/share/texlive/texmf-dist/tex/latex/psnfss/ot1ptm.fd
File: ot1ptm.fd 2001/06/04 font definitions for OT1/ptm.
)
-- Using 8.5in x 11in (letter) paper.
-- Using PDF output.
\@IEEEnormalsizeunitybaselineskip=\dimen105
-- This is an 11 point document.
\CLASSINFOnormalsizebaselineskip=\dimen106
\CLASSINFOnormalsizeunitybaselineskip=\dimen107
\IEEEnormaljot=\dimen108
LaTeX Font Info:    Font shape `OT1/ptm/bx/n' in size <6> not available
(Font)              Font shape `OT1/ptm/b/n' tried instead on input line 1090.
LaTeX Font Info:    Font shape `OT1/ptm/bx/it' in size <6> not available
(Font)              Font shape `OT1/ptm/b/it' tried instead on input line 1090.

LaTeX Font Info:    Font shape `OT1/ptm/bx/n' in size <8> not available
(Font)              Font shape `OT1/ptm/b/n' tried instead on input line 1090.
LaTeX Font Info:    Font shape `OT1/ptm/bx/it' in size <8> not available
(Font)              Font shape `OT1/ptm/b/it' tried instead on input line 1090.

LaTeX Font Info:    Font shape `OT1/ptm/bx/n' in size <9> not available
(Font)              Font shape `OT1/ptm/b/n' tried instead on input line 1090.
LaTeX Font Info:    Font shape `OT1/ptm/bx/it' in size <9> not available
(Font)              Font shape `OT1/ptm/b/it' tried instead on input line 1090.

LaTeX Font Info:    Font shape `OT1/ptm/bx/n' in size <10> not available
(Font)              Font shape `OT1/ptm/b/n' tried instead on input line 1090.
LaTeX Font Info:    Font shape `OT1/ptm/bx/it' in size <10> not available
(Font)              Font shape `OT1/ptm/b/it' tried instead on input line 1090.

LaTeX Font Info:    Font shape `OT1/ptm/bx/n' in size <11> not available
(Font)              Font shape `OT1/ptm/b/n' tried instead on input line 1090.
LaTeX Font Info:    Font shape `OT1/ptm/bx/it' in size <11> not available
(Font)              Font shape `OT1/ptm/b/it' tried instead on input line 1090.

LaTeX Font Info:    Font shape `OT1/ptm/bx/n' in size <12> not available
(Font)              Font shape `OT1/ptm/b/n' tried instead on input line 1090.
LaTeX Font Info:    Font shape `OT1/ptm/bx/it' in size <12> not available
(Font)              Font shape `OT1/ptm/b/it' tried instead on input line 1090.

LaTeX Font Info:    Font shape `OT1/ptm/bx/n' in size <17> not available
(Font)              Font shape `OT1/ptm/b/n' tried instead on input line 1090.
LaTeX Font Info:    Font shape `OT1/ptm/bx/it' in size <17> not available
(Font)              Font shape `OT1/ptm/b/it' tried instead on input line 1090.

LaTeX Font Info:    Font shape `OT1/ptm/bx/n' in size <20> not available
(Font)              Font shape `OT1/ptm/b/n' tried instead on input line 1090.
LaTeX Font Info:    Font shape `OT1/ptm/bx/it' in size <20> not available
(Font)              Font shape `OT1/ptm/b/it' tried instead on input line 1090.

LaTeX Font Info:    Font shape `OT1/ptm/bx/n' in size <24> not available
(Font)              Font shape `OT1/ptm/b/n' tried instead on input line 1090.
LaTeX Font Info:    Font shape `OT1/ptm/bx/it' in size <24> not available
(Font)              Font shape `OT1/ptm/b/it' tried instead on input line 1090.

\IEEEquantizedlength=\dimen109
\IEEEquantizedlengthdiff=\dimen110
\IEEEquantizedtextheightdiff=\dimen111
\IEEEilabelindentA=\dimen112
\IEEEilabelindentB=\dimen113
\IEEEilabelindent=\dimen114
\IEEEelabelindent=\dimen115
\IEEEdlabelindent=\dimen116
\IEEElabelindent=\dimen117
\IEEEiednormlabelsep=\dimen118
\IEEEiedmathlabelsep=\dimen119
\IEEEiedtopsep=\skip41
\c@section=\count82
\c@subsection=\count83
\c@subsubsection=\count84
\c@paragraph=\count85
\c@IEEEsubequation=\count86
\abovecaptionskip=\skip42
\belowcaptionskip=\skip43
\c@figure=\count87
\c@table=\count88
\@IEEEeqnnumcols=\count89
\@IEEEeqncolcnt=\count90
\@IEEEsubeqnnumrollback=\count91
\@IEEEquantizeheightA=\dimen120
\@IEEEquantizeheightB=\dimen121
\@IEEEquantizeheightC=\dimen122
\@IEEEquantizeprevdepth=\dimen123
\@IEEEquantizemultiple=\count92
\@IEEEquantizeboxA=\box26
\@IEEEtmpitemindent=\dimen124
\IEEEPARstartletwidth=\dimen125
\c@IEEEbiography=\count93
\@IEEEtranrubishbin=\box27
)
** ATTENTION: Overriding command lockouts (line 2).
(/usr/share/texlive/texmf-dist/tex/latex/algorithms/algorithm.sty
Package: algorithm 2009/08/24 v0.1 Document Style `algorithm' - floating enviro
nment

(/usr/share/texlive/texmf-dist/tex/latex/float/float.sty
Package: float 2001/11/08 v1.3d Float enhancements (AL)
\c@float@type=\count94
\float@exts=\toks15
\float@box=\box28
\@float@everytoks=\toks16
\@floatcapt=\box29
)
(/usr/share/texlive/texmf-dist/tex/latex/base/ifthen.sty
Package: ifthen 2014/09/29 v1.1c Standard LaTeX ifthen package (DPC)
)
\@float@every@algorithm=\toks17
\c@algorithm=\count95
)
(/usr/share/texlive/texmf-dist/tex/latex/algorithmicx/algpseudocode.sty
Package: algpseudocode 

(/usr/share/texlive/texmf-dist/tex/latex/algorithmicx/algorithmicx.sty
Package: algorithmicx 2005/04/27 v1.2 Algorithmicx

Document Style algorithmicx 1.2 - a greatly improved `algorithmic' style
\c@ALG@line=\count96
\c@ALG@rem=\count97
\c@ALG@nested=\count98
\ALG@tlm=\skip44
\ALG@thistlm=\skip45
\c@ALG@Lnr=\count99
\c@ALG@blocknr=\count100
\c@ALG@storecount=\count101
\c@ALG@tmpcounter=\count102
\ALG@tmplength=\skip46
)
Document Style - pseudocode environments for use with the `algorithmicx' style
) (/usr/share/texlive/texmf-dist/tex/latex/multirow/multirow.sty
\bigstrutjot=\dimen126
)
(/usr/share/texlive/texmf-dist/tex/latex/tools/multicol.sty
Package: multicol 2015/08/19 v1.8n multicolumn formatting (FMi)
\c@tracingmulticols=\count103
\mult@box=\box30
\multicol@leftmargin=\dimen127
\c@unbalance=\count104
\c@collectmore=\count105
\doublecol@number=\count106
\multicoltolerance=\count107
\multicolpretolerance=\count108
\full@width=\dimen128
\page@free=\dimen129
\premulticols=\dimen130
\postmulticols=\dimen131
\multicolsep=\skip47
\multicolbaselineskip=\skip48
\partial@page=\box31
\last@line=\box32
\maxbalancingoverflow=\dimen132
\mult@rightbox=\box33
\mult@grightbox=\box34
\mult@gfirstbox=\box35
\mult@firstbox=\box36
\@tempa=\box37
\@tempa=\box38
\@tempa=\box39
\@tempa=\box40
\@tempa=\box41
\@tempa=\box42
\@tempa=\box43
\@tempa=\box44
\@tempa=\box45
\@tempa=\box46
\@tempa=\box47
\@tempa=\box48
\@tempa=\box49
\@tempa=\box50
\@tempa=\box51
\@tempa=\box52
\@tempa=\box53
\c@columnbadness=\count109
\c@finalcolumnbadness=\count110
\last@try=\dimen133
\multicolovershoot=\dimen134
\multicolundershoot=\dimen135
\mult@nat@firstbox=\box54
\colbreak@box=\box55
\mc@col@check@num=\count111
)
(/usr/share/texlive/texmf-dist/tex/latex/siunitx/siunitx.sty
(/usr/share/texlive/texmf-dist/tex/latex/l3kernel/expl3.sty
Package: expl3 2016/01/19 v6377 L3 programming layer (loader) 

(/usr/share/texlive/texmf-dist/tex/latex/l3kernel/expl3-code.tex
Package: expl3 2016/01/19 v6377 L3 programming layer (code)
L3 Module: l3bootstrap 2016/01/01 v6339 L3 Bootstrap code
L3 Module: l3names 2015/12/21 v6328 L3 Namespace for primitives
L3 Module: l3basics 2015/11/22 v6315 L3 Basic definitions
L3 Module: l3expan 2015/09/10 v5983 L3 Argument expansion
L3 Module: l3tl 2015/09/29 v6121 L3 Token lists
L3 Module: l3str 2016/01/03 v6357 L3 Strings
L3 Module: l3seq 2015/08/05 v5777 L3 Sequences and stacks
L3 Module: l3int 2016/01/05 v6366 L3 Integers
\c_max_int=\count112
\l_tmpa_int=\count113
\l_tmpb_int=\count114
\g_tmpa_int=\count115
\g_tmpb_int=\count116
L3 Module: l3quark 2015/08/17 v5855 L3 Quarks
L3 Module: l3prg 2015/11/01 v6216 L3 Control structures
\g__prg_map_int=\count117
L3 Module: l3clist 2015/09/02 v5901 L3 Comma separated lists
L3 Module: l3token 2015/11/11 v6249 L3 Experimental token manipulation
L3 Module: l3prop 2016/01/05 v6366 L3 Property lists
L3 Module: l3msg 2015/09/28 v6113 L3 Messages
L3 Module: l3file 2015/12/03 v6317 L3 File and I/O operations
\l_iow_line_count_int=\count118
\l__iow_target_count_int=\count119
\l__iow_current_line_int=\count120
\l__iow_current_word_int=\count121
\l__iow_current_indentation_int=\count122
L3 Module: l3skip 2016/01/05 v6366 L3 Dimensions and skips
\c_zero_dim=\dimen136
\c_max_dim=\dimen137
\l_tmpa_dim=\dimen138
\l_tmpb_dim=\dimen139
\g_tmpa_dim=\dimen140
\g_tmpb_dim=\dimen141
\c_zero_skip=\skip49
\c_max_skip=\skip50
\l_tmpa_skip=\skip51
\l_tmpb_skip=\skip52
\g_tmpa_skip=\skip53
\g_tmpb_skip=\skip54
\c_zero_muskip=\muskip10
\c_max_muskip=\muskip11
\l_tmpa_muskip=\muskip12
\l_tmpb_muskip=\muskip13
\g_tmpa_muskip=\muskip14
\g_tmpb_muskip=\muskip15
L3 Module: l3keys 2015/11/17 v6284 L3 Key-value interfaces
\g__keyval_level_int=\count123
\l_keys_choice_int=\count124
L3 Module: l3fp 2015/08/25 v5890 L3 Floating points
\c__fp_leading_shift_int=\count125
\c__fp_middle_shift_int=\count126
\c__fp_trailing_shift_int=\count127
\c__fp_big_leading_shift_int=\count128
\c__fp_big_middle_shift_int=\count129
\c__fp_big_trailing_shift_int=\count130
\c__fp_Bigg_leading_shift_int=\count131
\c__fp_Bigg_middle_shift_int=\count132
\c__fp_Bigg_trailing_shift_int=\count133
L3 Module: l3box 2015/08/09 v5822 L3 Experimental boxes
\c_empty_box=\box56
\l_tmpa_box=\box57
\l_tmpb_box=\box58
\g_tmpa_box=\box59
\g_tmpb_box=\box60
L3 Module: l3coffins 2015/08/06 v5789 L3 Coffin code layer
\l__coffin_internal_box=\box61
\l__coffin_internal_dim=\dimen142
\l__coffin_offset_x_dim=\dimen143
\l__coffin_offset_y_dim=\dimen144
\l__coffin_x_dim=\dimen145
\l__coffin_y_dim=\dimen146
\l__coffin_x_prime_dim=\dimen147
\l__coffin_y_prime_dim=\dimen148
\c_empty_coffin=\box62
\l__coffin_aligned_coffin=\box63
\l__coffin_aligned_internal_coffin=\box64
\l_tmpa_coffin=\box65
\l_tmpb_coffin=\box66
\l__coffin_display_coffin=\box67
\l__coffin_display_coord_coffin=\box68
\l__coffin_display_pole_coffin=\box69
\l__coffin_display_offset_dim=\dimen149
\l__coffin_display_x_dim=\dimen150
\l__coffin_display_y_dim=\dimen151
L3 Module: l3color 2014/08/23 v5354 L3 Experimental color support
L3 Module: l3sys 2015/09/25 v6087 L3 Experimental system/runtime functions
L3 Module: l3candidates 2016/01/14 v6376 L3 Experimental additions to l3kernel
\l__box_top_dim=\dimen152
\l__box_bottom_dim=\dimen153
\l__box_left_dim=\dimen154
\l__box_right_dim=\dimen155
\l__box_top_new_dim=\dimen156
\l__box_bottom_new_dim=\dimen157
\l__box_left_new_dim=\dimen158
\l__box_right_new_dim=\dimen159
\l__box_internal_box=\box70
\l__coffin_bounding_shift_dim=\dimen160
\l__coffin_left_corner_dim=\dimen161
\l__coffin_right_corner_dim=\dimen162
\l__coffin_bottom_corner_dim=\dimen163
\l__coffin_top_corner_dim=\dimen164
\l__coffin_scaled_total_height_dim=\dimen165
\l__coffin_scaled_width_dim=\dimen166
L3 Module: l3luatex 2015/11/11 v6250 L3 Experimental LuaTeX-specific functions
)
(/usr/share/texlive/texmf-dist/tex/latex/l3kernel/l3pdfmode.def
File: l3pdfmode.def 2015/11/11 v6250 L3 Experimental driver: PDF mode
\l__driver_color_stack_int=\count134
))
(/usr/share/texlive/texmf-dist/tex/latex/l3packages/xparse/xparse.sty
Package: xparse 2016/01/19 v6377 L3 Experimental document command parser
\l__xparse_current_arg_int=\count135
\l__xparse_m_args_int=\count136
\l__xparse_mandatory_args_int=\count137
\l__xparse_processor_int=\count138
\l__xparse_v_nesting_int=\count139
)
Package: siunitx 2016/03/01 v2.6q A comprehensive (SI) units package

(/usr/share/texlive/texmf-dist/tex/latex/amsmath/amstext.sty
Package: amstext 2000/06/29 v2.01 AMS text

(/usr/share/texlive/texmf-dist/tex/latex/amsmath/amsgen.sty
File: amsgen.sty 1999/11/30 v2.0 generic functions
\@emptytoks=\toks18
\ex@=\dimen167
))
(/usr/share/texlive/texmf-dist/tex/latex/tools/array.sty
Package: array 2014/10/28 v2.4c Tabular extension package (FMi)
\col@sep=\dimen168
\extrarowheight=\dimen169
\NC@list=\toks19
\extratabsurround=\skip55
\backup@length=\skip56
)
(/usr/share/texlive/texmf-dist/tex/latex/l3packages/l3keys2e/l3keys2e.sty
Package: l3keys2e 2016/01/19 v6377 LaTeX2e option processing using LaTeX3 keys
)
\l__siunitx_tmp_box=\box71
\l__siunitx_tmp_dim=\dimen170
\l__siunitx_tmp_int=\count140
\l__siunitx_number_mantissa_length_int=\count141
\l__siunitx_number_uncert_length_int=\count142
\l__siunitx_round_int=\count143
\l__siunitx_process_decimal_int=\count144
\l__siunitx_process_uncertainty_int=\count145
\l__siunitx_process_fixed_int=\count146
\l__siunitx_process_integer_min_int=\count147
\l__siunitx_process_precision_int=\count148
\l__siunitx_group_min_int=\count149
\l__siunitx_angle_marker_box=\box72
\l__siunitx_angle_unit_box=\box73
\l__siunitx_angle_marker_dim=\dimen171
\l__siunitx_angle_unit_dim=\dimen172
\l__siunitx_unit_int=\count150
\l__siunitx_unit_denominator_int=\count151
\l__siunitx_unit_numerator_int=\count152
\l__siunitx_unit_prefix_int=\count153
\l__siunitx_unit_prefix_base_int=\count154
\l__siunitx_unit_prefix_gram_int=\count155
\l__siunitx_number_product_int=\count156
\c__siunitx_one_fill_skip=\skip57
\l__siunitx_table_unit_align_skip=\skip58
\l__siunitx_table_exponent_dim=\dimen173
\l__siunitx_table_integer_dim=\dimen174
\l__siunitx_table_mantissa_dim=\dimen175
\l__siunitx_table_marker_dim=\dimen176
\l__siunitx_table_result_dim=\dimen177
\l__siunitx_table_uncert_dim=\dimen178
\l__siunitx_table_fill_pre_dim=\dimen179
\l__siunitx_table_fill_post_dim=\dimen180
\l__siunitx_table_fill_mid_dim=\dimen181
\l__siunitx_table_pre_box=\box74
\l__siunitx_table_post_box=\box75
\l__siunitx_table_mantissa_box=\box76
\l__siunitx_table_result_box=\box77
\l__siunitx_table_number_align_skip=\skip59
\l__siunitx_table_text_align_skip=\skip60
.................................................
. LaTeX info: "xparse/define-command"
. 
. Defining command \DeclareBinaryPrefix with sig. 'mmm' on line 7218.
.................................................
.................................................
. LaTeX info: "xparse/define-command"
. 
. Defining command \DeclareSIPostPower with sig. 'mm' on line 7221.
.................................................
.................................................
. LaTeX info: "xparse/define-command"
. 
. Defining command \DeclareSIPrefix with sig. 'mmm' on line 7224.
.................................................
.................................................
. LaTeX info: "xparse/define-command"
. 
. Defining command \DeclareSIPrePower with sig. 'mm' on line 7227.
.................................................
.................................................
. LaTeX info: "xparse/define-command"
. 
. Defining command \DeclareSIQualifier with sig. 'mm' on line 7230.
.................................................
.................................................
. LaTeX info: "xparse/define-command"
. 
. Defining command \DeclareSIUnit with sig. 'O{}mm' on line 7233.
.................................................
.................................................
. LaTeX info: "xparse/define-command"
. 
. Defining command \DeclareSIUnitWithOptions with sig. 'mmm' on line 7236.
.................................................
.................................................
. LaTeX info: "xparse/define-command"
. 
. Defining command \ang with sig. 'o>{\SplitArgument {2}{;}}m' on line 7251.
.................................................
.................................................
. LaTeX info: "xparse/define-command"
. 
. Defining command \num with sig. 'om' on line 7260.
.................................................
.................................................
. LaTeX info: "xparse/define-command"
. 
. Defining command \numlist with sig. 'o>{\SplitList {;}}m' on line 7269.
.................................................
.................................................
. LaTeX info: "xparse/define-command"
. 
. Defining command \numrange with sig. 'omm' on line 7278.
.................................................
.................................................
. LaTeX info: "xparse/define-command"
. 
. Defining command \SIlist with sig. 'o>{\SplitList {;}}mm' on line 7290.
.................................................
.................................................
. LaTeX info: "xparse/define-command"
. 
. Defining command \SIrange with sig. 'ommm' on line 7302.
.................................................
.................................................
. LaTeX info: "xparse/define-command"
. 
. Defining command \SI with sig. 'omom' on line 7314.
.................................................
.................................................
. LaTeX info: "xparse/define-command"
. 
. Defining command \sisetup with sig. 'm' on line 7317.
.................................................
.................................................
. LaTeX info: "xparse/define-command"
. 
. Defining command \tablenum with sig. 'om' on line 7332.
.................................................
.................................................
. LaTeX info: "xparse/define-command"
. 
. Defining command \si with sig. 'om' on line 7344.
.................................................
.................................................
. LaTeX info: "xparse/define-command"
. 
. Defining command \__siunitx_bookmark_num:w with sig. 'om' on line 7391.
.................................................
.................................................
. LaTeX info: "xparse/define-command"
. 
. Defining command \__siunitx_bookmark_numrange:w with sig. 'omm' on line
. 7393.
.................................................
.................................................
. LaTeX info: "xparse/define-command"
. 
. Defining command \__siunitx_bookmark_SI:w with sig. 'omom' on line 7395.
.................................................
.................................................
. LaTeX info: "xparse/define-command"
. 
. Defining command \__siunitx_bookmark_SIlist:w with sig. 'omm' on line 7397.
.................................................
.................................................
. LaTeX info: "xparse/define-command"
. 
. Defining command \__siunitx_bookmark_SIrange:w with sig. 'ommm' on line
. 7399.
.................................................
.................................................
. LaTeX info: "xparse/define-command"
. 
. Defining command \__siunitx_bookmark_si:w with sig. 'om' on line 7400.
.................................................
\g__file_internal_ior=\read1

(/usr/share/texlive/texmf-dist/tex/latex/beamer/translator/translator.sty
Package: translator 2010/06/12 ver 1.10

(/usr/share/texlive/texmf-dist/tex/latex/graphics/keyval.sty
Package: keyval 2014/10/28 v1.15 key=value parser (DPC)
\KV@toks@=\toks20
)
(/usr/share/texlive/texmf-dist/tex/latex/beamer/translator/translator-language-
mappings.tex))) (/usr/share/texlive/texmf-dist/tex/latex/booktabs/booktabs.sty
Package: booktabs 2005/04/14 v1.61803 publication quality tables
\heavyrulewidth=\dimen182
\lightrulewidth=\dimen183
\cmidrulewidth=\dimen184
\belowrulesep=\dimen185
\belowbottomsep=\dimen186
\aboverulesep=\dimen187
\abovetopsep=\dimen188
\cmidrulesep=\dimen189
\cmidrulekern=\dimen190
\defaultaddspace=\dimen191
\@cmidla=\count157
\@cmidlb=\count158
\@aboverulesep=\dimen192
\@belowrulesep=\dimen193
\@thisruleclass=\count159
\@lastruleclass=\count160
\@thisrulewidth=\dimen194
) (/usr/share/texlive/texmf-dist/tex/latex/listings/listings.sty
\lst@mode=\count161
\lst@gtempboxa=\box78
\lst@token=\toks21
\lst@length=\count162
\lst@currlwidth=\dimen195
\lst@column=\count163
\lst@pos=\count164
\lst@lostspace=\dimen196
\lst@width=\dimen197
\lst@newlines=\count165
\lst@lineno=\count166
\lst@maxwidth=\dimen198

(/usr/share/texlive/texmf-dist/tex/latex/listings/lstmisc.sty
File: lstmisc.sty 2015/06/04 1.6 (Carsten Heinz)
\c@lstnumber=\count167
\lst@skipnumbers=\count168
\lst@framebox=\box79
)
(/usr/share/texlive/texmf-dist/tex/latex/listings/listings.cfg
File: listings.cfg 2015/06/04 1.6 listings configuration
))
Package: listings 2015/06/04 1.6 (Carsten Heinz)

(/usr/share/texlive/texmf-dist/tex/latex/sttools/stfloats.sty
Package: stfloats 2016/02/08 v2.0 Improve float mechanism and baselineskip sett
ings
\@dblbotnum=\count169
\c@dblbotnumber=\count170
)
(/usr/share/texlive/texmf-dist/tex/latex/sttools/midfloat.sty
Package: midfloat 2012/05/29 v1.1 Insert some material in full-width on double-
column page
Package: midfloat 1997/10/01
\juo@sar=\toks22
\stripsep=\skip61
\m@addvipersep=\skip62
\c@addvipersep=\skip63
\ht@strip=\dimen199
\right@cor=\dimen256
\cor@height=\dimen257
\juo@pr=\dimen258
\juo@ht=\dimen259
\c@colht=\dimen260
\@viper=\box80
\@rightcolumn=\box81
\juo@sk=\count171
)
(/usr/share/texlive/texmf-dist/tex/latex/graphics/color.sty
Package: color 2016/01/03 v1.1b Standard LaTeX Color (DPC)

(/usr/share/texlive/texmf-dist/tex/latex/latexconfig/color.cfg
File: color.cfg 2007/01/18 v1.5 color configuration of teTeX/TeXLive
)
Package color Info: Driver file: pdftex.def on input line 143.

(/usr/share/texlive/texmf-dist/tex/latex/pdftex-def/pdftex.def
File: pdftex.def 2011/05/27 v0.06d Graphics/color for pdfTeX

(/usr/share/texlive/texmf-dist/tex/generic/oberdiek/infwarerr.sty
Package: infwarerr 2010/04/08 v1.3 Providing info/warning/error messages (HO)
)
(/usr/share/texlive/texmf-dist/tex/generic/oberdiek/ltxcmds.sty
Package: ltxcmds 2011/11/09 v1.22 LaTeX kernel commands for general use (HO)
)
\Gread@gobject=\count172
))
(/usr/share/texlive/texmf-dist/tex/latex/xcolor/xcolor.sty
Package: xcolor 2007/01/21 v2.11 LaTeX color extensions (UK)

(/usr/share/texlive/texmf-dist/tex/latex/latexconfig/color.cfg
File: color.cfg 2007/01/18 v1.5 color configuration of teTeX/TeXLive
)
Package xcolor Info: Driver file: pdftex.def on input line 225.

(/usr/share/texlive/texmf-dist/tex/latex/colortbl/colortbl.sty
Package: colortbl 2012/02/13 v1.0a Color table columns (DPC)
\everycr=\toks23
\minrowclearance=\skip64
)
LaTeX Info: Redefining \color on input line 702.
\rownum=\count173
Package xcolor Info: Model `cmy' substituted by `cmy0' on input line 1337.
Package xcolor Info: Model `hsb' substituted by `rgb' on input line 1341.
Package xcolor Info: Model `RGB' extended on input line 1353.
Package xcolor Info: Model `HTML' substituted by `rgb' on input line 1355.
Package xcolor Info: Model `Hsb' substituted by `hsb' on input line 1356.
Package xcolor Info: Model `tHsb' substituted by `hsb' on input line 1357.
Package xcolor Info: Model `HSB' substituted by `hsb' on input line 1358.
Package xcolor Info: Model `Gray' substituted by `gray' on input line 1359.
Package xcolor Info: Model `wave' substituted by `hsb' on input line 1360.
)
(/usr/share/texlive/texmf-dist/tex/latex/lipsum/lipsum.sty
Package: lipsum 2014/07/27 v1.3 150 paragraphs of Lorem Ipsum dummy text
\c@lips@count=\count174
)
(/usr/share/texlive/texmf-dist/tex/latex/base/inputenc.sty
Package: inputenc 2015/03/17 v1.2c Input encoding file
\inpenc@prehook=\toks24
\inpenc@posthook=\toks25

(/usr/share/texlive/texmf-dist/tex/latex/ucs/utf8x.def
File: utf8x.def 2004/10/17 UCS: Input encoding UTF-8
))
(/usr/share/texlive/texmf-dist/tex/latex/ucs/ucs.sty
Package: ucs 2013/05/11 v2.2 UCS: Unicode input support

(/usr/share/texlive/texmf-dist/tex/latex/ucs/data/uni-global.def
File: uni-global.def 2013/05/13 UCS: Unicode global data
)
\uc@secondtry=\count175
\uc@combtoks=\toks26
\uc@combtoksb=\toks27
\uc@temptokena=\toks28
)
(/usr/share/texlive/texmf-dist/tex/latex/bbm-macros/bbm.sty
Package: bbm 1999/03/15 V 1.2 provides fonts for set symbols - TH
LaTeX Font Info:    Overwriting math alphabet `\mathbbm' in version `bold'
(Font)                  U/bbm/m/n --> U/bbm/bx/n on input line 33.
LaTeX Font Info:    Overwriting math alphabet `\mathbbmss' in version `bold'
(Font)                  U/bbmss/m/n --> U/bbmss/bx/n on input line 35.
)
(/usr/share/texlive/texmf-dist/tex/latex/graphics/graphicx.sty
Package: graphicx 2014/10/28 v1.0g Enhanced LaTeX Graphics (DPC,SPQR)

(/usr/share/texlive/texmf-dist/tex/latex/graphics/graphics.sty
Package: graphics 2016/01/03 v1.0q Standard LaTeX Graphics (DPC,SPQR)

(/usr/share/texlive/texmf-dist/tex/latex/graphics/trig.sty
Package: trig 2016/01/03 v1.10 sin cos tan (DPC)
)
(/usr/share/texlive/texmf-dist/tex/latex/latexconfig/graphics.cfg
File: graphics.cfg 2010/04/23 v1.9 graphics configuration of TeX Live
)
Package graphics Info: Driver file: pdftex.def on input line 95.
)
\Gin@req@height=\dimen261
\Gin@req@width=\dimen262
)
(/usr/share/texlive/texmf-dist/tex/latex/amsmath/amsmath.sty
Package: amsmath 2016/03/03 v2.15a AMS math features
\@mathmargin=\skip65

For additional information on amsmath, use the `?' option.
(/usr/share/texlive/texmf-dist/tex/latex/amsmath/amsbsy.sty
Package: amsbsy 1999/11/29 v1.2d Bold Symbols
\pmbraise@=\dimen263
)
(/usr/share/texlive/texmf-dist/tex/latex/amsmath/amsopn.sty
Package: amsopn 1999/12/14 v2.01 operator names
)
\inf@bad=\count176
LaTeX Info: Redefining \frac on input line 199.
\uproot@=\count177
\leftroot@=\count178
LaTeX Info: Redefining \overline on input line 297.
\classnum@=\count179
\DOTSCASE@=\count180
LaTeX Info: Redefining \ldots on input line 394.
LaTeX Info: Redefining \dots on input line 397.
LaTeX Info: Redefining \cdots on input line 518.
\Mathstrutbox@=\box82
\strutbox@=\box83
\big@size=\dimen264
LaTeX Font Info:    Redeclaring font encoding OML on input line 630.
LaTeX Font Info:    Redeclaring font encoding OMS on input line 631.
\macc@depth=\count181
\c@MaxMatrixCols=\count182
\dotsspace@=\muskip16
\c@parentequation=\count183
\dspbrk@lvl=\count184
\tag@help=\toks29
\row@=\count185
\column@=\count186
\maxfields@=\count187
\andhelp@=\toks30
\eqnshift@=\dimen265
\alignsep@=\dimen266
\tagshift@=\dimen267
\tagwidth@=\dimen268
\totwidth@=\dimen269
\lineht@=\dimen270
\@envbody=\toks31
\multlinegap=\skip66
\multlinetaggap=\skip67
\mathdisplay@stack=\toks32
LaTeX Info: Redefining \[ on input line 2735.
LaTeX Info: Redefining \] on input line 2736.
)
(/usr/share/texlive/texmf-dist/tex/latex/hyperref/hyperref.sty
Package: hyperref 2012/11/06 v6.83m Hypertext links for LaTeX

(/usr/share/texlive/texmf-dist/tex/generic/oberdiek/hobsub-hyperref.sty
Package: hobsub-hyperref 2012/05/28 v1.13 Bundle oberdiek, subset hyperref (HO)


(/usr/share/texlive/texmf-dist/tex/generic/oberdiek/hobsub-generic.sty
Package: hobsub-generic 2012/05/28 v1.13 Bundle oberdiek, subset generic (HO)
Package: hobsub 2012/05/28 v1.13 Construct package bundles (HO)
Package hobsub Info: Skipping package `infwarerr' (already loaded).
Package hobsub Info: Skipping package `ltxcmds' (already loaded).
Package: ifluatex 2010/03/01 v1.3 Provides the ifluatex switch (HO)
Package ifluatex Info: LuaTeX not detected.
Package: ifvtex 2010/03/01 v1.5 Detect VTeX and its facilities (HO)
Package ifvtex Info: VTeX not detected.
Package: intcalc 2007/09/27 v1.1 Expandable calculations with integers (HO)
Package: ifpdf 2011/01/30 v2.3 Provides the ifpdf switch (HO)
Package ifpdf Info: pdfTeX in PDF mode is detected.
Package: etexcmds 2011/02/16 v1.5 Avoid name clashes with e-TeX commands (HO)
Package etexcmds Info: Could not find \expanded.
(etexcmds)             That can mean that you are not using pdfTeX 1.50 or
(etexcmds)             that some package has redefined \expanded.
(etexcmds)             In the latter case, load this package earlier.
Package: kvsetkeys 2012/04/25 v1.16 Key value parser (HO)
Package: kvdefinekeys 2011/04/07 v1.3 Define keys (HO)
Package: pdftexcmds 2011/11/29 v0.20 Utility functions of pdfTeX for LuaTeX (HO
)
Package pdftexcmds Info: LuaTeX not detected.
Package pdftexcmds Info: \pdf@primitive is available.
Package pdftexcmds Info: \pdf@ifprimitive is available.
Package pdftexcmds Info: \pdfdraftmode found.
Package: pdfescape 2011/11/25 v1.13 Implements pdfTeX's escape features (HO)
Package: bigintcalc 2012/04/08 v1.3 Expandable calculations on big integers (HO
)
Package: bitset 2011/01/30 v1.1 Handle bit-vector datatype (HO)
Package: uniquecounter 2011/01/30 v1.2 Provide unlimited unique counter (HO)
)
Package hobsub Info: Skipping package `hobsub' (already loaded).
Package: letltxmacro 2010/09/02 v1.4 Let assignment for LaTeX macros (HO)
Package: hopatch 2012/05/28 v1.2 Wrapper for package hooks (HO)
Package: xcolor-patch 2011/01/30 xcolor patch
Package: atveryend 2011/06/30 v1.8 Hooks at the very end of document (HO)
Package atveryend Info: \enddocument detected (standard20110627).
Package: atbegshi 2011/10/05 v1.16 At begin shipout hook (HO)
Package: refcount 2011/10/16 v3.4 Data extraction from label references (HO)
Package: hycolor 2011/01/30 v1.7 Color options for hyperref/bookmark (HO)
)
(/usr/share/texlive/texmf-dist/tex/generic/ifxetex/ifxetex.sty
Package: ifxetex 2010/09/12 v0.6 Provides ifxetex conditional
)
(/usr/share/texlive/texmf-dist/tex/latex/oberdiek/auxhook.sty
Package: auxhook 2011/03/04 v1.3 Hooks for auxiliary files (HO)
)
(/usr/share/texlive/texmf-dist/tex/latex/oberdiek/kvoptions.sty
Package: kvoptions 2011/06/30 v3.11 Key value format for package options (HO)
)
\@linkdim=\dimen271
\Hy@linkcounter=\count188
\Hy@pagecounter=\count189

(/usr/share/texlive/texmf-dist/tex/latex/hyperref/pd1enc.def
File: pd1enc.def 2012/11/06 v6.83m Hyperref: PDFDocEncoding definition (HO)
)
\Hy@SavedSpaceFactor=\count190

(/usr/share/texlive/texmf-dist/tex/latex/latexconfig/hyperref.cfg
File: hyperref.cfg 2002/06/06 v1.2 hyperref configuration of TeXLive
)
Package hyperref Info: Option `colorlinks' set `true' on input line 4319.
Package hyperref Info: Hyper figures OFF on input line 4443.
Package hyperref Info: Link nesting OFF on input line 4448.
Package hyperref Info: Hyper index ON on input line 4451.
Package hyperref Info: Plain pages OFF on input line 4458.
Package hyperref Info: Backreferencing OFF on input line 4463.
Package hyperref Info: Implicit mode ON; LaTeX internals redefined.
Package hyperref Info: Bookmarks ON on input line 4688.
\c@Hy@tempcnt=\count191

(/usr/share/texlive/texmf-dist/tex/latex/url/url.sty
\Urlmuskip=\muskip17
Package: url 2013/09/16  ver 3.4  Verb mode for urls, etc.
)
LaTeX Info: Redefining \url on input line 5041.
\XeTeXLinkMargin=\dimen272
\Fld@menulength=\count192
\Field@Width=\dimen273
\Fld@charsize=\dimen274
Package hyperref Info: Hyper figures OFF on input line 6295.
Package hyperref Info: Link nesting OFF on input line 6300.
Package hyperref Info: Hyper index ON on input line 6303.
Package hyperref Info: backreferencing OFF on input line 6310.
Package hyperref Info: Link coloring ON on input line 6313.
Package hyperref Info: Link coloring with OCG OFF on input line 6320.
Package hyperref Info: PDF/A mode OFF on input line 6325.
LaTeX Info: Redefining \ref on input line 6365.
LaTeX Info: Redefining \pageref on input line 6369.
\Hy@abspage=\count193
\c@Item=\count194
\c@Hfootnote=\count195
)

Package hyperref Message: Driver (autodetected): hpdftex.

(/usr/share/texlive/texmf-dist/tex/latex/hyperref/hpdftex.def
File: hpdftex.def 2012/11/06 v6.83m Hyperref driver for pdfTeX
\Fld@listcount=\count196
\c@bookmark@seq@number=\count197

(/usr/share/texlive/texmf-dist/tex/latex/oberdiek/rerunfilecheck.sty
Package: rerunfilecheck 2011/04/15 v1.7 Rerun checks for auxiliary files (HO)
Package uniquecounter Info: New unique counter `rerunfilecheck' on input line 2
82.
)
\Hy@SectionHShift=\skip68
)
\c@thm=\count198

(./PaperFinalVersion.aux)
\openout1 = `PaperFinalVersion.aux'.

LaTeX Font Info:    Checking defaults for OML/cmm/m/it on input line 40.
LaTeX Font Info:    ... okay on input line 40.
LaTeX Font Info:    Checking defaults for T1/cmr/m/n on input line 40.
LaTeX Font Info:    ... okay on input line 40.
LaTeX Font Info:    Checking defaults for OT1/cmr/m/n on input line 40.
LaTeX Font Info:    ... okay on input line 40.
LaTeX Font Info:    Checking defaults for OMS/cmsy/m/n on input line 40.
LaTeX Font Info:    ... okay on input line 40.
LaTeX Font Info:    Checking defaults for OMX/cmex/m/n on input line 40.
LaTeX Font Info:    ... okay on input line 40.
LaTeX Font Info:    Checking defaults for U/cmr/m/n on input line 40.
LaTeX Font Info:    ... okay on input line 40.
LaTeX Font Info:    Checking defaults for PD1/pdf/m/n on input line 40.
LaTeX Font Info:    ... okay on input line 40.

-- Lines per column: 50 (exact).

(/usr/share/texlive/texmf-dist/tex/latex/beamer/translator/dicts/translator-bas
ic-dictionary/translator-basic-dictionary-English.dict
Dictionary: translator-basic-dictionary, Language: English 
)
(/usr/share/texlive/texmf-dist/tex/latex/siunitx/siunitx-abbreviations.cfg
File: siunitx-abbreviations.cfg 2016/03/01 v2.6q siunitx: Abbreviated units
)
\c@lstlisting=\count199

(/usr/share/texlive/texmf-dist/tex/context/base/supp-pdf.mkii
[Loading MPS to PDF converter (version 2006.09.02).]
\scratchcounter=\count266
\scratchdimen=\dimen275
\scratchbox=\box84
\nofMPsegments=\count267
\nofMParguments=\count268
\everyMPshowfont=\toks33
\MPscratchCnt=\count269
\MPscratchDim=\dimen276
\MPnumerator=\count270
\makeMPintoPDFobject=\count271
\everyMPtoPDFconversion=\toks34
) (/usr/share/texlive/texmf-dist/tex/latex/ucs/ucsencs.def
File: ucsencs.def 2011/01/21 Fixes to fontencodings LGR, T3
)
(/usr/share/texlive/texmf-dist/tex/latex/oberdiek/epstopdf-base.sty
Package: epstopdf-base 2010/02/09 v2.5 Base part for package epstopdf

(/usr/share/texlive/texmf-dist/tex/latex/oberdiek/grfext.sty
Package: grfext 2010/08/19 v1.1 Manage graphics extensions (HO)
)
Package grfext Info: Graphics extension search list:
(grfext)             [.png,.pdf,.jpg,.mps,.jpeg,.jbig2,.jb2,.PNG,.PDF,.JPG,.JPE
G,.JBIG2,.JB2,.eps]
(grfext)             \AppendGraphicsExtensions on input line 452.

(/usr/share/texlive/texmf-dist/tex/latex/latexconfig/epstopdf-sys.cfg
File: epstopdf-sys.cfg 2010/07/13 v1.3 Configuration of (r)epstopdf for TeX Liv
e
))
\AtBeginShipoutBox=\box85
Package hyperref Info: Link coloring ON on input line 40.

(/usr/share/texlive/texmf-dist/tex/latex/hyperref/nameref.sty
Package: nameref 2012/10/27 v2.43 Cross-referencing by name of section

(/usr/share/texlive/texmf-dist/tex/generic/oberdiek/gettitlestring.sty
Package: gettitlestring 2010/12/03 v1.4 Cleanup title references (HO)
)
\c@section@level=\count272
)
LaTeX Info: Redefining \ref on input line 40.
LaTeX Info: Redefining \pageref on input line 40.
LaTeX Info: Redefining \nameref on input line 40.

(./PaperFinalVersion.out) (./PaperFinalVersion.out)
\@outlinefile=\write3
\openout3 = `PaperFinalVersion.out'.

\c__siunitx_mathsf_int=\count273
LaTeX Font Info:    Calculating math sizes for size <11> on input line 40.
\c__siunitx_mathtt_int=\count274

(/usr/share/texlive/texmf-dist/tex/latex/ucs/data/uni-0.def
File: uni-0.def 2013/05/13 UCS: Unicode data U+0000..U+00FF
)

Package hyperref Warning: Token not allowed in a PDF string (PDFDocEncoding):
(hyperref)                removing `\\' on input line 53.

<./figure/atlascar2.jpg, id=73, 2463.2025pt x 1321.93875pt>
File: ./figure/atlascar2.jpg Graphic file (type jpg)

<use ./figure/atlascar2.jpg>
Package pdftex.def Info: ./figure/atlascar2.jpg used on input line 59.
(pdftex.def)             Requested size: 176.39923pt x 94.66313pt.
 [1{/var/lib/texmf/fonts/map/pdftex/updmap/pdftex.map}


 <./figure/atlascar2.jpg>]

Package hyperref Warning: Token not allowed in a PDF string (PDFDocEncoding):
(hyperref)                removing `\\' on input line 66.


<./figure/obstacleAvoidance/obstacleAvoidance.pdf, id=100, 142.66399pt x 26.761
98pt>
File: ./figure/obstacleAvoidance/obstacleAvoidance.pdf Graphic file (type pdf)
 <use ./figure/obstacleAvoidance/obstacleAvoidance.pdf>
Package pdftex.def Info: ./figure/obstacleAvoidance/obstacleAvoidance.pdf used 
on input line 107.
(pdftex.def)             Requested size: 252.0pt x 47.27434pt.

<./figure/car_model.pdf, id=102, 157.78084pt x 117.82713pt>
File: ./figure/car_model.pdf Graphic file (type pdf)

<use ./figure/car_model.pdf>
Package pdftex.def Info: ./figure/car_model.pdf used on input line 127.
(pdftex.def)             Requested size: 176.39923pt x 131.74252pt.


LaTeX Warning: `!h' float specifier changed to `!ht'.

[2 <./figure/obstacleAvoidance/obstacleAvoidance.pdf>]
<./figure/flowchart/flowchart.pdf, id=127, 344.99991pt x 410.79474pt>
File: ./figure/flowchart/flowchart.pdf Graphic file (type pdf)

<use ./figure/flowchart/flowchart.pdf>
Package pdftex.def Info: ./figure/flowchart/flowchart.pdf used on input line 20
6.
(pdftex.def)             Requested size: 252.0pt x 300.0657pt.
 [3 <./figure/car_model.pdf>]
<./figure/constraint/constraint.pdf, id=142, 142.73726pt x 38.85918pt>
File: ./figure/constraint/constraint.pdf Graphic file (type pdf)

<use ./figure/constraint/constraint.pdf>
Package pdftex.def Info: ./figure/constraint/constraint.pdf used on input line 
252.
(pdftex.def)             Requested size: 252.0pt x 68.60579pt.

<../../MATLAB/one_obstacle_right_overtaking/figure/overtaking_paper/overtaking_
start.pdf, id=144, 360.02866pt x 55.63362pt>
File: ../../MATLAB/one_obstacle_right_overtaking/figure/overtaking_paper/overta
king_start.pdf Graphic file (type pdf)

<use ../../MATLAB/one_obstacle_right_overtaking/figure/overtaking_paper/overtak
ing_start.pdf>
Package pdftex.def Info: ../../MATLAB/one_obstacle_right_overtaking/figure/over
taking_paper/overtaking_start.pdf used on input line 267.
(pdftex.def)             Requested size: 252.0pt x 38.94156pt.

<../../MATLAB/one_obstacle_right_overtaking/figure/overtaking_paper/overtaking_
middle.pdf, id=145, 366.05116pt x 56.33154pt>
File: ../../MATLAB/one_obstacle_right_overtaking/figure/overtaking_paper/overta
king_middle.pdf Graphic file (type pdf)

<use ../../MATLAB/one_obstacle_right_overtaking/figure/overtaking_paper/overtak
ing_middle.pdf>
Package pdftex.def Info: ../../MATLAB/one_obstacle_right_overtaking/figure/over
taking_paper/overtaking_middle.pdf used on input line 270.
(pdftex.def)             Requested size: 252.0pt x 38.78026pt.

<../../MATLAB/one_obstacle_right_overtaking/figure/overtaking_paper/overtaking_
middle_end.pdf, id=146, 360.02866pt x 55.63362pt>
File: ../../MATLAB/one_obstacle_right_overtaking/figure/overtaking_paper/overta
king_middle_end.pdf Graphic file (type pdf)

<use ../../MATLAB/one_obstacle_right_overtaking/figure/overtaking_paper/overtak
ing_middle_end.pdf>
Package pdftex.def Info: ../../MATLAB/one_obstacle_right_overtaking/figure/over
taking_paper/overtaking_middle_end.pdf used on input line 273.
(pdftex.def)             Requested size: 252.0pt x 38.94156pt.

<../../MATLAB/one_obstacle_right_overtaking/figure/overtaking_paper/overtaking_
end.pdf, id=147, 359.89572pt x 70.02922pt>
File: ../../MATLAB/one_obstacle_right_overtaking/figure/overtaking_paper/overta
king_end.pdf Graphic file (type pdf)

<use ../../MATLAB/one_obstacle_right_overtaking/figure/overtaking_paper/overtak
ing_end.pdf>
Package pdftex.def Info: ../../MATLAB/one_obstacle_right_overtaking/figure/over
taking_paper/overtaking_end.pdf used on input line 276.
(pdftex.def)             Requested size: 252.0pt x 49.03506pt.
 [4 <./figure/flowchart/flowchart.pdf> <./figure/constraint/constraint.pdf>]
<../../MATLAB/random_N_obstacles/figure/overtaking_random_2.pdf, id=187, 361.89
786pt x 50.75359pt>
File: ../../MATLAB/random_N_obstacles/figure/overtaking_random_2.pdf Graphic fi
le (type pdf)

<use ../../MATLAB/random_N_obstacles/figure/overtaking_random_2.pdf>
Package pdftex.def Info: ../../MATLAB/random_N_obstacles/figure/overtaking_rand
om_2.pdf used on input line 287.
(pdftex.def)             Requested size: 252.0pt x 35.34138pt.

<../../MATLAB/random_N_obstacles/figure/overtaking_random.pdf, id=188, 361.8989
3pt x 43.42003pt>
File: ../../MATLAB/random_N_obstacles/figure/overtaking_random.pdf Graphic file
 (type pdf)

<use ../../MATLAB/random_N_obstacles/figure/overtaking_random.pdf>
Package pdftex.def Info: ../../MATLAB/random_N_obstacles/figure/overtaking_rand
om.pdf used on input line 290.
(pdftex.def)             Requested size: 252.0pt x 30.2348pt.

<../../MATLAB/random_N_obstacles/figure/overtaking_random_1.pdf, id=189, 361.89
789pt x 54.51657pt>
File: ../../MATLAB/random_N_obstacles/figure/overtaking_random_1.pdf Graphic fi
le (type pdf)

<use ../../MATLAB/random_N_obstacles/figure/overtaking_random_1.pdf>
Package pdftex.def Info: ../../MATLAB/random_N_obstacles/figure/overtaking_rand
om_1.pdf used on input line 293.
(pdftex.def)             Requested size: 252.0pt x 37.96167pt.

<../../MATLAB/three_obstacles_no_overtaking/figure/braking_0.pdf, id=191, 355.5
9767pt x 44.15201pt>
File: ../../MATLAB/three_obstacles_no_overtaking/figure/braking_0.pdf Graphic f
ile (type pdf)

<use ../../MATLAB/three_obstacles_no_overtaking/figure/braking_0.pdf>
Package pdftex.def Info: ../../MATLAB/three_obstacles_no_overtaking/figure/brak
ing_0.pdf used on input line 305.
(pdftex.def)             Requested size: 252.0pt x 31.28885pt.

<../../MATLAB/three_obstacles_no_overtaking/figure/braking_1.pdf, id=192, 355.5
9767pt x 44.15201pt>
File: ../../MATLAB/three_obstacles_no_overtaking/figure/braking_1.pdf Graphic f
ile (type pdf)

<use ../../MATLAB/three_obstacles_no_overtaking/figure/braking_1.pdf>
Package pdftex.def Info: ../../MATLAB/three_obstacles_no_overtaking/figure/brak
ing_1.pdf used on input line 308.
(pdftex.def)             Requested size: 252.0pt x 31.28885pt.

<../../MATLAB/three_obstacles_no_overtaking/figure/braking_2.pdf, id=193, 355.5
977pt x 44.15201pt>
File: ../../MATLAB/three_obstacles_no_overtaking/figure/braking_2.pdf Graphic f
ile (type pdf)

<use ../../MATLAB/three_obstacles_no_overtaking/figure/braking_2.pdf>
Package pdftex.def Info: ../../MATLAB/three_obstacles_no_overtaking/figure/brak
ing_2.pdf used on input line 311.
(pdftex.def)             Requested size: 252.0pt x 31.28885pt.

<../../MATLAB/three_obstacles_no_overtaking/figure/braking_3.pdf, id=194, 355.5
977pt x 44.15201pt>
File: ../../MATLAB/three_obstacles_no_overtaking/figure/braking_3.pdf Graphic f
ile (type pdf)

<use ../../MATLAB/three_obstacles_no_overtaking/figure/braking_3.pdf>
Package pdftex.def Info: ../../MATLAB/three_obstacles_no_overtaking/figure/brak
ing_3.pdf used on input line 314.
(pdftex.def)             Requested size: 252.0pt x 31.28885pt.

<../../MATLAB/three_obstacles_no_overtaking/figure/braking_4.pdf, id=195, 355.5
9964pt x 44.15201pt>
File: ../../MATLAB/three_obstacles_no_overtaking/figure/braking_4.pdf Graphic f
ile (type pdf)

<use ../../MATLAB/three_obstacles_no_overtaking/figure/braking_4.pdf>
Package pdftex.def Info: ../../MATLAB/three_obstacles_no_overtaking/figure/brak
ing_4.pdf used on input line 317.
(pdftex.def)             Requested size: 252.0pt x 31.28885pt.

<../../MATLAB/three_obstacles_no_overtaking/figure/braking_5.pdf, id=196, 361.6
2021pt x 44.64273pt>
File: ../../MATLAB/three_obstacles_no_overtaking/figure/braking_5.pdf Graphic f
ile (type pdf)

<use ../../MATLAB/three_obstacles_no_overtaking/figure/braking_5.pdf>
Package pdftex.def Info: ../../MATLAB/three_obstacles_no_overtaking/figure/brak
ing_5.pdf used on input line 320.
(pdftex.def)             Requested size: 252.0pt x 31.11072pt.

<../../MATLAB/three_obstacles_no_overtaking/figure/braking_6.pdf, id=197, 361.6
2021pt x 59.04655pt>
File: ../../MATLAB/three_obstacles_no_overtaking/figure/braking_6.pdf Graphic f
ile (type pdf)

<use ../../MATLAB/three_obstacles_no_overtaking/figure/braking_6.pdf>
Package pdftex.def Info: ../../MATLAB/three_obstacles_no_overtaking/figure/brak
ing_6.pdf used on input line 323.
(pdftex.def)             Requested size: 252.0pt x 41.1485pt.

<../../MATLAB/three_obstacles_no_overtaking/figure/VelocityVsTime.pdf, id=202, 
273.02pt x 190.7125pt>
File: ../../MATLAB/three_obstacles_no_overtaking/figure/VelocityVsTime.pdf Grap
hic file (type pdf)

<use ../../MATLAB/three_obstacles_no_overtaking/figure/VelocityVsTime.pdf>
Package pdftex.def Info: ../../MATLAB/three_obstacles_no_overtaking/figure/Velo
cityVsTime.pdf used on input line 335.
(pdftex.def)             Requested size: 277.2186pt x 125.99867pt.

Overfull \hbox (25.2186pt too wide) in paragraph at lines 335--337
[][]
 []


<../../MATLAB/three_obstacles_no_overtaking/figure/ThrottleVsTime.pdf, id=203, 
273.02pt x 190.7125pt>
File: ../../MATLAB/three_obstacles_no_overtaking/figure/ThrottleVsTime.pdf Grap
hic file (type pdf)

<use ../../MATLAB/three_obstacles_no_overtaking/figure/ThrottleVsTime.pdf>
Package pdftex.def Info: ../../MATLAB/three_obstacles_no_overtaking/figure/Thro
ttleVsTime.pdf used on input line 341.
(pdftex.def)             Requested size: 277.2186pt x 125.99867pt.

Overfull \hbox (25.2186pt too wide) in paragraph at lines 341--343
[][]
 []


<../../MATLAB/three_obstacles_no_overtaking/figure/SteeringAngleVsTime.pdf, id=
204, 273.02pt x 190.7125pt>
File: ../../MATLAB/three_obstacles_no_overtaking/figure/SteeringAngleVsTime.pdf
 Graphic file (type pdf)

<use ../../MATLAB/three_obstacles_no_overtaking/figure/SteeringAngleVsTime.pdf>
Package pdftex.def Info: ../../MATLAB/three_obstacles_no_overtaking/figure/Stee
ringAngleVsTime.pdf used on input line 351.
(pdftex.def)             Requested size: 277.2186pt x 125.99867pt.

Overfull \hbox (25.2186pt too wide) in paragraph at lines 351--353
[][]
 []


<../../MATLAB/three_obstacles_no_overtaking/figure/HeadingAngleVsTime.pdf, id=2
05, 273.02pt x 190.7125pt>
File: ../../MATLAB/three_obstacles_no_overtaking/figure/HeadingAngleVsTime.pdf 
Graphic file (type pdf)

<use ../../MATLAB/three_obstacles_no_overtaking/figure/HeadingAngleVsTime.pdf>
Package pdftex.def Info: ../../MATLAB/three_obstacles_no_overtaking/figure/Head
ingAngleVsTime.pdf used on input line 357.
(pdftex.def)             Requested size: 277.2186pt x 125.99867pt.

Overfull \hbox (25.2186pt too wide) in paragraph at lines 357--359
[][]
 []

[5 <../../MATLAB/one_obstacle_right_overtaking/figure/overtaking_paper/overtaki
ng_start.pdf> <../../MATLAB/one_obstacle_right_overtaking/figure/overtaking_pap
er/overtaking_middle.pdf

pdfTeX warning: /usr/bin/pdflatex (file ../../MATLAB/one_obstacle_right_overtak
ing/figure/overtaking_paper/overtaking_middle.pdf): PDF inclusion: multiple pdf
s with page group included in a single page
> <../../MATLAB/one_obstacle_right_overtaking/figure/overtaking_paper/overtakin
g_middle_end.pdf

pdfTeX warning: /usr/bin/pdflatex (file ../../MATLAB/one_obstacle_right_overtak
ing/figure/overtaking_paper/overtaking_middle_end.pdf): PDF inclusion: multiple
 pdfs with page group included in a single page
> <../../MATLAB/one_obstacle_right_overtaking/figure/overtaking_paper/overtakin
g_end.pdf

pdfTeX warning: /usr/bin/pdflatex (file ../../MATLAB/one_obstacle_right_overtak
ing/figure/overtaking_paper/overtaking_end.pdf): PDF inclusion: multiple pdfs w
ith page group included in a single page
> <../../MATLAB/random_N_obstacles/figure/overtaking_random_2.pdf

pdfTeX warning: /usr/bin/pdflatex (file ../../MATLAB/random_N_obstacles/figure/
overtaking_random_2.pdf): PDF inclusion: multiple pdfs with page group included
 in a single page
> <../../MATLAB/random_N_obstacles/figure/overtaking_random.pdf

pdfTeX warning: /usr/bin/pdflatex (file ../../MATLAB/random_N_obstacles/figure/
overtaking_random.pdf): PDF inclusion: multiple pdfs with page group included i
n a single page
> <../../MATLAB/random_N_obstacles/figure/overtaking_random_1.pdf

pdfTeX warning: /usr/bin/pdflatex (file ../../MATLAB/random_N_obstacles/figure/
overtaking_random_1.pdf): PDF inclusion: multiple pdfs with page group included
 in a single page
> <../../MATLAB/three_obstacles_no_overtaking/figure/braking_0.pdf

pdfTeX warning: /usr/bin/pdflatex (file ../../MATLAB/three_obstacles_no_overtak
ing/figure/braking_0.pdf): PDF inclusion: multiple pdfs with page group include
d in a single page
> <../../MATLAB/three_obstacles_no_overtaking/figure/braking_1.pdf

pdfTeX warning: /usr/bin/pdflatex (file ../../MATLAB/three_obstacles_no_overtak
ing/figure/braking_1.pdf): PDF inclusion: multiple pdfs with page group include
d in a single page
> <../../MATLAB/three_obstacles_no_overtaking/figure/braking_2.pdf

pdfTeX warning: /usr/bin/pdflatex (file ../../MATLAB/three_obstacles_no_overtak
ing/figure/braking_2.pdf): PDF inclusion: multiple pdfs with page group include
d in a single page
> <../../MATLAB/three_obstacles_no_overtaking/figure/braking_3.pdf

pdfTeX warning: /usr/bin/pdflatex (file ../../MATLAB/three_obstacles_no_overtak
ing/figure/braking_3.pdf): PDF inclusion: multiple pdfs with page group include
d in a single page
> <../../MATLAB/three_obstacles_no_overtaking/figure/braking_4.pdf

pdfTeX warning: /usr/bin/pdflatex (file ../../MATLAB/three_obstacles_no_overtak
ing/figure/braking_4.pdf): PDF inclusion: multiple pdfs with page group include
d in a single page
> <../../MATLAB/three_obstacles_no_overtaking/figure/braking_5.pdf

pdfTeX warning: /usr/bin/pdflatex (file ../../MATLAB/three_obstacles_no_overtak
ing/figure/braking_5.pdf): PDF inclusion: multiple pdfs with page group include
d in a single page
> <../../MATLAB/three_obstacles_no_overtaking/figure/braking_6.pdf

pdfTeX warning: /usr/bin/pdflatex (file ../../MATLAB/three_obstacles_no_overtak
ing/figure/braking_6.pdf): PDF inclusion: multiple pdfs with page group include
d in a single page
>] (/usr/share/texlive/texmf-dist/tex/latex/ucs/data/uni-1.def
File: uni-1.def 2013/05/13 UCS: Unicode data U+0100..U+01FF
)
(/usr/share/texlive/texmf-dist/tex/latex/ucs/data/uni-32.def
File: uni-32.def 2013/05/13 UCS: Unicode data U+2000..U+20FF
) [6 <../../MATLAB/three_obstacles_no_overtaking/figure/VelocityVsTime.pdf> <..
/../MATLAB/three_obstacles_no_overtaking/figure/ThrottleVsTime.pdf> <../../MATL
AB/three_obstacles_no_overtaking/figure/SteeringAngleVsTime.pdf> <../../MATLAB/
three_obstacles_no_overtaking/figure/HeadingAngleVsTime.pdf>]

** Conference Paper **
Before submitting the final camera ready copy, remember to:

 1. Manually equalize the lengths of two columns on the last page
 of your paper;

 2. Ensure that any PostScript and/or PDF output post-processing
 uses only Type 1 fonts and that every step in the generation
 process uses the appropriate paper size.

Package atveryend Info: Empty hook `BeforeClearDocument' on input line 444.
[7

]
Package atveryend Info: Empty hook `AfterLastShipout' on input line 444.
 (./PaperFinalVersion.aux)
Package atveryend Info: Executing hook `AtVeryEndDocument' on input line 444.
Package atveryend Info: Executing hook `AtEndAfterFileList' on input line 444.
Package rerunfilecheck Info: File `PaperFinalVersion.out' has not changed.
(rerunfilecheck)             Checksum: C7C6075E24CF2611DB928E74FAA90B3A;899.
Package atveryend Info: Empty hook `AtVeryVeryEnd' on input line 444.
 ) 
Here is how much of TeX's memory you used:
 20530 strings out of 493029
 377144 string characters out of 6136233
 522316 words of memory out of 5000000
 23783 multiletter control sequences out of 15000+600000
 43002 words of font info for 93 fonts, out of 8000000 for 9000
 1141 hyphenation exceptions out of 8191
 41i,12n,42p,10389b,858s stack positions out of 5000i,500n,10000p,200000b,80000s
{/usr/share/texlive/texmf-dist/fonts/enc/dvips/base/8r.enc}</usr/share/texliv
e/texmf-dist/fonts/type1/public/amsfonts/cm/cmex10.pfb></usr/share/texlive/texm
f-dist/fonts/type1/public/amsfonts/cm/cmmi10.pfb></usr/share/texlive/texmf-dist
/fonts/type1/public/amsfonts/cm/cmmi5.pfb></usr/share/texlive/texmf-dist/fonts/
type1/public/amsfonts/cm/cmmi7.pfb></usr/share/texlive/texmf-dist/fonts/type1/p
ublic/amsfonts/cm/cmmi8.pfb></usr/share/texlive/texmf-dist/fonts/type1/public/a
msfonts/cm/cmmi9.pfb></usr/share/texlive/texmf-dist/fonts/type1/public/amsfonts
/cm/cmr10.pfb></usr/share/texlive/texmf-dist/fonts/type1/public/amsfonts/cm/cmr
7.pfb></usr/share/texlive/texmf-dist/fonts/type1/public/amsfonts/cm/cmr8.pfb></
usr/share/texlive/texmf-dist/fonts/type1/public/amsfonts/cm/cmr9.pfb></usr/shar
e/texlive/texmf-dist/fonts/type1/public/amsfonts/cm/cmsy10.pfb></usr/share/texl
ive/texmf-dist/fonts/type1/public/amsfonts/cm/cmsy7.pfb></usr/share/texlive/tex
mf-dist/fonts/type1/public/amsfonts/cm/cmsy8.pfb></usr/share/texmf/fonts/type1/
public/tex-gyre/qhvr.pfb></usr/share/texlive/texmf-dist/fonts/type1/urw/times/u
tmb8a.pfb></usr/share/texlive/texmf-dist/fonts/type1/urw/times/utmbi8a.pfb></us
r/share/texlive/texmf-dist/fonts/type1/urw/times/utmr8a.pfb></usr/share/texlive
/texmf-dist/fonts/type1/urw/times/utmri8a.pfb>
Output written on PaperFinalVersion.pdf (7 pages, 2106589 bytes).
PDF statistics:
 700 PDF objects out of 1000 (max. 8388607)
 573 compressed objects within 6 object streams
 63 named destinations out of 1000 (max. 500000)
 212 words of extra memory for PDF output out of 10000 (max. 10000000)

